version: (200506)

available memory: 64M bytes
used memory: 98304 bytes [need 96K bytes if disable swap]

used block: 5 [memory(5) file(0)]
                 [ 8K(4) 64K(1) { total 96K bytes } ]
overhead: (9522) bytes for (5) blocks [Average: (1904) bytes/block]

write  => 0(times) 0K(bytes) [0K bytes to file]
read   => 1(times) 23K(bytes) [2K bytes compressed data from file]
access => 82812(times) 662M(bytes)
          [hit ratio: 99.9988%]

time: write(0) read(0)  unit: second

swap file directory: (/home/huzi/Soc/risc-v/20241209_V1.0_group9/pre_sim_org/verdiLog)
used swap file number: (1)



swap file manager:
arrSize: (256)
idxCnt: (3)
closeHead: (1)
closeTail: (2)
openCnt: (2)
fid(2): fd(60) fileName(/home/huzi/Soc/risc-v/20241209_V1.0_group9/pre_sim_org/verdiLog/_swap_0001#8323329#4277)
	size(0) lastModTime(0) curModTime(1735042908)
	mode(w+b)	hot(0) cool(1) pos(0)
fid(1): fd(1073741824) fileName(/home/huzi/Soc/risc-v/20241209_V1.0_group9/pre_sim_org/simv.daidir/kdb.elab++/work.lib++/sirv_gnrl_dffs.v.tdc)
	size(7246) lastModTime(1735042833) curModTime(1735042833)
	mode(rb)	hot(2) cool(0) pos(0)
fid(0): fd(0) fileName(NULL)
	mode(NULL)	hot(0) cool(0) pos(0)
==================================================
mySelf(14c8d830) pre(13a8c240) next(0)
version(200506)
date(Feb 11 2019 22:10:27)
