5:43:29 AM - ARM Physical IP, Inc.
5:43:29 AM - SunOS CC 5.9 Generic_117171-07 sun4u sparc SUNW,Ultra-Enterprise
5:43:29 AM - Version 2005Q3V1
5:43:29 AM - GUI version 4.58.20
5:43:29 AM - 
5:43:29 AM - CONFIDENTIAL AND PROPRIETARY SOFTWARE OF ARM PHYSICAL IP, INC.
5:43:29 AM - 
5:43:29 AM - Copyright (c) 1993 - 2002 ARM Physical IP, Inc.  All Rights Reserved.
5:43:29 AM - 
5:43:29 AM - Use of this Software is subject to the terms and conditions of the
5:43:29 AM - applicable license agreement with ARM Physical IP, Inc. 
5:43:29 AM - In addition, this Software is protected by patents, copyright law 
5:43:29 AM - and international treaties.
5:43:29 AM - 
5:43:29 AM - The copyright notice(s) in this Software does not indicate actual or
5:43:29 AM - intended publication of this Software.
5:43:29 AM - 
5:43:29 AM - High Speed/Density Single-Port SRAM, SMIC 0.18um Logic018 Process
5:43:29 AM - 
5:43:29 AM - Log file is ACI.log
5:43:29 AM - 
5:44:13 AM - ASCII Datatable updated
5:45:22 AM - command: /export/home/SMIC180nm_MC/MEM_IP_20MHz/RA1SHD8192X32/../../ra1shd/bin/ra1shd postscript -instname RA1SHD8192X32 -words 8192 -bits 32 -frequency 20 -ring_width 2 -mux 16 -drive 12 -write_mask on -wp_size 8 -top_layer met6 -power_type rings -horiz met3 -vert met4 -cust_comment "" -left_bus_delim "[" -right_bus_delim "]" -pwr_gnd_rename "VDD:VDD,GND:VSS" -prefix "" -pin_space 0.0 -name_case upper -check_instname on -diodes on -inside_ring_type GND -asvm on
5:45:24 AM - PostScript Datasheet generator succeeded, created:
5:45:24 AM -    RA1SHD8192X32.ps
5:45:25 AM - command: /export/home/SMIC180nm_MC/MEM_IP_20MHz/RA1SHD8192X32/../../ra1shd/bin/ra1shd ascii -instname RA1SHD8192X32 -words 8192 -bits 32 -frequency 20 -ring_width 2 -mux 16 -drive 12 -write_mask on -wp_size 8 -top_layer met6 -power_type rings -horiz met3 -vert met4 -cust_comment "" -left_bus_delim "[" -right_bus_delim "]" -pwr_gnd_rename "VDD:VDD,GND:VSS" -prefix "" -pin_space 0.0 -name_case upper -check_instname on -diodes on -inside_ring_type GND -asvm on
5:45:26 AM - ASCII Datatable generator succeeded, created:
5:45:26 AM -    RA1SHD8192X32.dat
5:45:26 AM - command: /export/home/SMIC180nm_MC/MEM_IP_20MHz/RA1SHD8192X32/../../ra1shd/bin/ra1shd verilog -instname RA1SHD8192X32 -words 8192 -bits 32 -frequency 20 -ring_width 2 -mux 16 -drive 12 -write_mask on -wp_size 8 -top_layer met6 -power_type rings -horiz met3 -vert met4 -cust_comment "" -left_bus_delim "[" -right_bus_delim "]" -pwr_gnd_rename "VDD:VDD,GND:VSS" -prefix "" -pin_space 0.0 -name_case upper -check_instname on -diodes on -inside_ring_type GND -asvm on
5:45:27 AM - Verilog Model generator succeeded, created:
5:45:27 AM -    RA1SHD8192X32.v
5:45:28 AM - command: /export/home/SMIC180nm_MC/MEM_IP_20MHz/RA1SHD8192X32/../../ra1shd/bin/ra1shd vhdl -instname RA1SHD8192X32 -words 8192 -bits 32 -frequency 20 -ring_width 2 -mux 16 -drive 12 -write_mask on -wp_size 8 -top_layer met6 -power_type rings -horiz met3 -vert met4 -cust_comment "" -left_bus_delim "[" -right_bus_delim "]" -pwr_gnd_rename "VDD:VDD,GND:VSS" -prefix "" -pin_space 0.0 -name_case upper -check_instname on -diodes on -inside_ring_type GND -asvm on
5:45:28 AM - VHDL Model generator succeeded, created:
5:45:28 AM -    RA1SHD8192X32.vhd
5:45:29 AM - command: /export/home/SMIC180nm_MC/MEM_IP_20MHz/RA1SHD8192X32/../../ra1shd/bin/ra1shd synopsys -instname RA1SHD8192X32 -words 8192 -bits 32 -frequency 20 -ring_width 2 -mux 16 -drive 12 -write_mask on -wp_size 8 -top_layer met6 -power_type rings -horiz met3 -vert met4 -cust_comment "" -left_bus_delim "[" -right_bus_delim "]" -pwr_gnd_rename "VDD:VDD,GND:VSS" -prefix "" -pin_space 0.0 -name_case upper -check_instname on -diodes on -inside_ring_type GND -asvm on -libname USERLIB
5:46:08 AM - Synopsys Model generator succeeded, created:
5:46:08 AM -    RA1SHD8192X32_fast@-40C_syn.lib
5:46:08 AM -    RA1SHD8192X32_fast@0C_syn.lib
5:46:08 AM -    RA1SHD8192X32_typical_syn.lib
5:46:08 AM -    RA1SHD8192X32_slow_syn.lib
5:46:08 AM - command: /export/home/SMIC180nm_MC/MEM_IP_20MHz/RA1SHD8192X32/../../ra1shd/bin/ra1shd primetime -instname RA1SHD8192X32 -words 8192 -bits 32 -frequency 20 -ring_width 2 -mux 16 -drive 12 -write_mask on -wp_size 8 -top_layer met6 -power_type rings -horiz met3 -vert met4 -cust_comment "" -left_bus_delim "[" -right_bus_delim "]" -pwr_gnd_rename "VDD:VDD,GND:VSS" -prefix "" -pin_space 0.0 -name_case upper -check_instname on -diodes on -inside_ring_type GND -asvm on
5:46:44 AM - PrimeTime Model generator succeeded, created:
5:46:44 AM -    RA1SHD8192X32_fast@-40C.data
5:46:44 AM -    RA1SHD8192X32_fast@0C.data
5:46:44 AM -    RA1SHD8192X32_typical.data
5:46:44 AM -    RA1SHD8192X32_slow.data
5:46:44 AM -    RA1SHD8192X32.mod
5:46:45 AM - command: /export/home/SMIC180nm_MC/MEM_IP_20MHz/RA1SHD8192X32/../../ra1shd/bin/ra1shd tlf -instname RA1SHD8192X32 -words 8192 -bits 32 -frequency 20 -ring_width 2 -mux 16 -drive 12 -write_mask on -wp_size 8 -top_layer met6 -power_type rings -horiz met3 -vert met4 -cust_comment "" -left_bus_delim "[" -right_bus_delim "]" -pwr_gnd_rename "VDD:VDD,GND:VSS" -prefix "" -pin_space 0.0 -name_case upper -check_instname on -diodes on -inside_ring_type GND -asvm on -libname USERLIB
5:48:13 AM - TLF Model generator succeeded, created:
5:48:13 AM -    RA1SHD8192X32_fast@-40C.tlf
5:48:13 AM -    RA1SHD8192X32_fast@0C.tlf
5:48:13 AM -    RA1SHD8192X32_typical.tlf
5:48:13 AM -    RA1SHD8192X32_slow.tlf
5:48:14 AM - command: /export/home/SMIC180nm_MC/MEM_IP_20MHz/RA1SHD8192X32/../../ra1shd/bin/ra1shd vclef-fp -instname RA1SHD8192X32 -words 8192 -bits 32 -frequency 20 -ring_width 2 -mux 16 -drive 12 -write_mask on -wp_size 8 -top_layer met6 -power_type rings -horiz met3 -vert met4 -cust_comment "" -left_bus_delim "[" -right_bus_delim "]" -pwr_gnd_rename "VDD:VDD,GND:VSS" -prefix "" -pin_space 0.0 -name_case upper -check_instname on -diodes on -inside_ring_type GND -asvm on -inst2ring blockages -site_def off
5:49:30 AM - VCLEF Footprint generator succeeded, created:
5:49:30 AM -    RA1SHD8192X32.vclef
5:49:31 AM - command: /export/home/SMIC180nm_MC/MEM_IP_20MHz/RA1SHD8192X32/../../ra1shd/bin/ra1shd gds2 -instname RA1SHD8192X32 -words 8192 -bits 32 -frequency 20 -ring_width 2 -mux 16 -drive 12 -write_mask on -wp_size 8 -top_layer met6 -power_type rings -horiz met3 -vert met4 -cust_comment "" -left_bus_delim "[" -right_bus_delim "]" -pwr_gnd_rename "VDD:VDD,GND:VSS" -prefix "" -pin_space 0.0 -name_case upper -check_instname on -diodes on -inside_ring_type GND -asvm on
5:52:06 AM - GDSII Layout generator succeeded, created:
5:52:06 AM -    RA1SHD8192X32.gds2
5:52:07 AM - command: /export/home/SMIC180nm_MC/MEM_IP_20MHz/RA1SHD8192X32/../../ra1shd/bin/ra1shd lvs -instname RA1SHD8192X32 -words 8192 -bits 32 -frequency 20 -ring_width 2 -mux 16 -drive 12 -write_mask on -wp_size 8 -top_layer met6 -power_type rings -horiz met3 -vert met4 -cust_comment "" -left_bus_delim "[" -right_bus_delim "]" -pwr_gnd_rename "VDD:VDD,GND:VSS" -prefix "" -pin_space 0.0 -name_case upper -check_instname on -diodes on -inside_ring_type GND -asvm on
5:52:58 AM - LVS Netlist generator succeeded, created:
5:52:58 AM -    RA1SHD8192X32.cdl
5:52:58 AM - command: /export/home/SMIC180nm_MC/MEM_IP_20MHz/RA1SHD8192X32/../../ra1shd/bin/ra1shd tmax -instname RA1SHD8192X32 -words 8192 -bits 32 -frequency 20 -ring_width 2 -mux 16 -drive 12 -write_mask on -wp_size 8 -top_layer met6 -power_type rings -horiz met3 -vert met4 -cust_comment "" -left_bus_delim "[" -right_bus_delim "]" -pwr_gnd_rename "VDD:VDD,GND:VSS" -prefix "" -pin_space 0.0 -name_case upper -check_instname on -diodes on -inside_ring_type GND -asvm on
5:52:59 AM - TetraMax Model generator succeeded, created:
5:52:59 AM -    RA1SHD8192X32.tv
