6:04:36 AM - ARM Physical IP, Inc.
6:04:36 AM - SunOS CC 5.9 Generic_117171-07 sun4u sparc SUNW,Ultra-Enterprise
6:04:36 AM - Version 2005Q3V1
6:04:36 AM - GUI version 4.58.20
6:04:36 AM - 
6:04:36 AM - CONFIDENTIAL AND PROPRIETARY SOFTWARE OF ARM PHYSICAL IP, INC.
6:04:36 AM - 
6:04:37 AM - Copyright (c) 1993 - 2002 ARM Physical IP, Inc.  All Rights Reserved.
6:04:37 AM - 
6:04:37 AM - Use of this Software is subject to the terms and conditions of the
6:04:37 AM - applicable license agreement with ARM Physical IP, Inc. 
6:04:37 AM - In addition, this Software is protected by patents, copyright law 
6:04:37 AM - and international treaties.
6:04:37 AM - 
6:04:37 AM - The copyright notice(s) in this Software does not indicate actual or
6:04:37 AM - intended publication of this Software.
6:04:37 AM - 
6:04:37 AM - High Speed/Density Single-Port SRAM, SMIC 0.18um Logic018 Process
6:04:37 AM - 
6:04:37 AM - Log file is ACI.log
6:04:37 AM - 
6:05:15 AM - ASCII Datatable updated
6:05:30 AM - command: /export/home/SMIC180nm_MC/MEM_IP_20MHz/RA1SHD1024X32/../../ra1shd/bin/ra1shd postscript -instname RA1SHD1024X32 -words 1024 -bits 32 -frequency 20 -ring_width 2 -mux 8 -drive 12 -write_mask on -wp_size 8 -top_layer met6 -power_type rings -horiz met3 -vert met4 -cust_comment "" -left_bus_delim "[" -right_bus_delim "]" -pwr_gnd_rename "VDD:VDD,GND:VSS" -prefix "" -pin_space 0.0 -name_case upper -check_instname on -diodes on -inside_ring_type GND -asvm on
6:05:33 AM - PostScript Datasheet generator succeeded, created:
6:05:33 AM -    RA1SHD1024X32.ps
6:05:33 AM - command: /export/home/SMIC180nm_MC/MEM_IP_20MHz/RA1SHD1024X32/../../ra1shd/bin/ra1shd ascii -instname RA1SHD1024X32 -words 1024 -bits 32 -frequency 20 -ring_width 2 -mux 8 -drive 12 -write_mask on -wp_size 8 -top_layer met6 -power_type rings -horiz met3 -vert met4 -cust_comment "" -left_bus_delim "[" -right_bus_delim "]" -pwr_gnd_rename "VDD:VDD,GND:VSS" -prefix "" -pin_space 0.0 -name_case upper -check_instname on -diodes on -inside_ring_type GND -asvm on
6:05:35 AM - ASCII Datatable generator succeeded, created:
6:05:35 AM -    RA1SHD1024X32.dat
6:05:37 AM - command: /export/home/SMIC180nm_MC/MEM_IP_20MHz/RA1SHD1024X32/../../ra1shd/bin/ra1shd verilog -instname RA1SHD1024X32 -words 1024 -bits 32 -frequency 20 -ring_width 2 -mux 8 -drive 12 -write_mask on -wp_size 8 -top_layer met6 -power_type rings -horiz met3 -vert met4 -cust_comment "" -left_bus_delim "[" -right_bus_delim "]" -pwr_gnd_rename "VDD:VDD,GND:VSS" -prefix "" -pin_space 0.0 -name_case upper -check_instname on -diodes on -inside_ring_type GND -asvm on
6:05:38 AM - Verilog Model generator succeeded, created:
6:05:38 AM -    RA1SHD1024X32.v
6:05:38 AM - command: /export/home/SMIC180nm_MC/MEM_IP_20MHz/RA1SHD1024X32/../../ra1shd/bin/ra1shd vhdl -instname RA1SHD1024X32 -words 1024 -bits 32 -frequency 20 -ring_width 2 -mux 8 -drive 12 -write_mask on -wp_size 8 -top_layer met6 -power_type rings -horiz met3 -vert met4 -cust_comment "" -left_bus_delim "[" -right_bus_delim "]" -pwr_gnd_rename "VDD:VDD,GND:VSS" -prefix "" -pin_space 0.0 -name_case upper -check_instname on -diodes on -inside_ring_type GND -asvm on
6:05:39 AM - VHDL Model generator succeeded, created:
6:05:39 AM -    RA1SHD1024X32.vhd
6:05:40 AM - command: /export/home/SMIC180nm_MC/MEM_IP_20MHz/RA1SHD1024X32/../../ra1shd/bin/ra1shd synopsys -instname RA1SHD1024X32 -words 1024 -bits 32 -frequency 20 -ring_width 2 -mux 8 -drive 12 -write_mask on -wp_size 8 -top_layer met6 -power_type rings -horiz met3 -vert met4 -cust_comment "" -left_bus_delim "[" -right_bus_delim "]" -pwr_gnd_rename "VDD:VDD,GND:VSS" -prefix "" -pin_space 0.0 -name_case upper -check_instname on -diodes on -inside_ring_type GND -asvm on -libname USERLIB
6:06:44 AM - Synopsys Model generator succeeded, created:
6:06:44 AM -    RA1SHD1024X32_fast@-40C_syn.lib
6:06:44 AM -    RA1SHD1024X32_fast@0C_syn.lib
6:06:44 AM -    RA1SHD1024X32_typical_syn.lib
6:06:44 AM -    RA1SHD1024X32_slow_syn.lib
6:06:45 AM - command: /export/home/SMIC180nm_MC/MEM_IP_20MHz/RA1SHD1024X32/../../ra1shd/bin/ra1shd primetime -instname RA1SHD1024X32 -words 1024 -bits 32 -frequency 20 -ring_width 2 -mux 8 -drive 12 -write_mask on -wp_size 8 -top_layer met6 -power_type rings -horiz met3 -vert met4 -cust_comment "" -left_bus_delim "[" -right_bus_delim "]" -pwr_gnd_rename "VDD:VDD,GND:VSS" -prefix "" -pin_space 0.0 -name_case upper -check_instname on -diodes on -inside_ring_type GND -asvm on
6:07:24 AM - PrimeTime Model generator succeeded, created:
6:07:24 AM -    RA1SHD1024X32_fast@-40C.data
6:07:24 AM -    RA1SHD1024X32_fast@0C.data
6:07:24 AM -    RA1SHD1024X32_typical.data
6:07:24 AM -    RA1SHD1024X32_slow.data
6:07:24 AM -    RA1SHD1024X32.mod
6:07:24 AM - command: /export/home/SMIC180nm_MC/MEM_IP_20MHz/RA1SHD1024X32/../../ra1shd/bin/ra1shd tlf -instname RA1SHD1024X32 -words 1024 -bits 32 -frequency 20 -ring_width 2 -mux 8 -drive 12 -write_mask on -wp_size 8 -top_layer met6 -power_type rings -horiz met3 -vert met4 -cust_comment "" -left_bus_delim "[" -right_bus_delim "]" -pwr_gnd_rename "VDD:VDD,GND:VSS" -prefix "" -pin_space 0.0 -name_case upper -check_instname on -diodes on -inside_ring_type GND -asvm on -libname USERLIB
6:09:01 AM - TLF Model generator succeeded, created:
6:09:01 AM -    RA1SHD1024X32_fast@-40C.tlf
6:09:01 AM -    RA1SHD1024X32_fast@0C.tlf
6:09:01 AM -    RA1SHD1024X32_typical.tlf
6:09:01 AM -    RA1SHD1024X32_slow.tlf
6:09:02 AM - command: /export/home/SMIC180nm_MC/MEM_IP_20MHz/RA1SHD1024X32/../../ra1shd/bin/ra1shd vclef-fp -instname RA1SHD1024X32 -words 1024 -bits 32 -frequency 20 -ring_width 2 -mux 8 -drive 12 -write_mask on -wp_size 8 -top_layer met6 -power_type rings -horiz met3 -vert met4 -cust_comment "" -left_bus_delim "[" -right_bus_delim "]" -pwr_gnd_rename "VDD:VDD,GND:VSS" -prefix "" -pin_space 0.0 -name_case upper -check_instname on -diodes on -inside_ring_type GND -asvm on -inst2ring blockages -site_def off
6:09:33 AM - VCLEF Footprint generator succeeded, created:
6:09:33 AM -    RA1SHD1024X32.vclef
6:09:33 AM - command: /export/home/SMIC180nm_MC/MEM_IP_20MHz/RA1SHD1024X32/../../ra1shd/bin/ra1shd gds2 -instname RA1SHD1024X32 -words 1024 -bits 32 -frequency 20 -ring_width 2 -mux 8 -drive 12 -write_mask on -wp_size 8 -top_layer met6 -power_type rings -horiz met3 -vert met4 -cust_comment "" -left_bus_delim "[" -right_bus_delim "]" -pwr_gnd_rename "VDD:VDD,GND:VSS" -prefix "" -pin_space 0.0 -name_case upper -check_instname on -diodes on -inside_ring_type GND -asvm on
6:10:34 AM - GDSII Layout generator succeeded, created:
6:10:34 AM -    RA1SHD1024X32.gds2
6:10:34 AM - command: /export/home/SMIC180nm_MC/MEM_IP_20MHz/RA1SHD1024X32/../../ra1shd/bin/ra1shd lvs -instname RA1SHD1024X32 -words 1024 -bits 32 -frequency 20 -ring_width 2 -mux 8 -drive 12 -write_mask on -wp_size 8 -top_layer met6 -power_type rings -horiz met3 -vert met4 -cust_comment "" -left_bus_delim "[" -right_bus_delim "]" -pwr_gnd_rename "VDD:VDD,GND:VSS" -prefix "" -pin_space 0.0 -name_case upper -check_instname on -diodes on -inside_ring_type GND -asvm on
6:10:54 AM - LVS Netlist generator succeeded, created:
6:10:54 AM -    RA1SHD1024X32.cdl
6:10:54 AM - command: /export/home/SMIC180nm_MC/MEM_IP_20MHz/RA1SHD1024X32/../../ra1shd/bin/ra1shd tmax -instname RA1SHD1024X32 -words 1024 -bits 32 -frequency 20 -ring_width 2 -mux 8 -drive 12 -write_mask on -wp_size 8 -top_layer met6 -power_type rings -horiz met3 -vert met4 -cust_comment "" -left_bus_delim "[" -right_bus_delim "]" -pwr_gnd_rename "VDD:VDD,GND:VSS" -prefix "" -pin_space 0.0 -name_case upper -check_instname on -diodes on -inside_ring_type GND -asvm on
6:10:55 AM - TetraMax Model generator succeeded, created:
6:10:55 AM -    RA1SHD1024X32.tv
