# Preference setting overrides
gui_set_pref_value -category {Globals} -key {app_fixed_width_font} -value {Fixed [Misc],14,-1,5,50,0,0,0,0,0}
gui_create_pref_key -category {Globals} -key {load_detail_for_funcov} -value_type {bool} -value {false}
gui_create_pref_category -category {dlg_settings}
gui_create_pref_key -category {dlg_settings} -key {tableWithImmediatePopup} -value_type {bool} -value {true}

# State setting overrides
gui_state_default_create -off -ini
gui_set_state_value -category Layout -key child_console_size_x -value 1852
gui_set_state_value -category Layout -key child_console_size_y -value 432
gui_set_state_value -category Layout -key child_data_size_x -value 166
gui_set_state_value -category Layout -key child_data_size_y -value 605
gui_set_state_value -category Layout -key child_hier_col3 -value {-1}
gui_set_state_value -category Layout -key child_hier_colpd -value 0
gui_set_state_value -category Layout -key child_hier_size_x -value 230
gui_set_state_value -category Layout -key child_hier_size_y -value 605
gui_set_state_value -category Layout -key child_source_docknewline -value false
gui_set_state_value -category Layout -key child_source_pos_x -value {-2}
gui_set_state_value -category Layout -key child_source_pos_y -value {-15}
gui_set_state_value -category Layout -key child_source_size_x -value 1459
gui_set_state_value -category Layout -key child_source_size_y -value 600
gui_set_state_value -category Layout -key main_pos_x -value 0
gui_set_state_value -category Layout -key main_pos_y -value 28
gui_set_state_value -category Layout -key main_size_x -value 1852
gui_set_state_value -category Layout -key main_size_y -value 1172
gui_create_state_key -category FindDialog -key m_pMatchCase -value_type bool -value false
gui_create_state_key -category FindDialog -key m_pMatchWord -value_type bool -value false
gui_create_state_key -category FindDialog -key m_pUseCombo -value_type string -value {}
gui_create_state_key -category FindDialog -key m_pWrapAround -value_type bool -value true
gui_create_state_key -category Widget_History -key TopLevel.1|qt_left_dock|DockWnd1|HSPane.1|pages|Hier.1|hbox|textfilter -value_type string -value {u_full full {}}
gui_state_default_create -off

# Begin command logging
gui_sim_run Ucli -exe simv -args {-ucligui  +neg_tchk +maxdelays +notimingcheck +nospecify +vc +v2k} -dir .
gui_sim_continue  
gui_list_select -id Hier.1 -current_item_name tb_top -current_item_type Scope  -selected  { tb_top   }
gui_list_expand -id Hier.1   tb_top
gui_list_action -id  Hier.1 tb_top
gui_list_select -id Hier.1 -current_item_name tb_top.u_full_chip -current_item_type Scope  -selected  { tb_top.u_full_chip   }
gui_list_expand -id Hier.1   tb_top.u_full_chip
gui_list_action -id  Hier.1 tb_top.u_full_chip
gui_list_select -id Hier.1 -current_item_name tb_top -current_item_type Scope  -selected  { tb_top   }
gui_list_action -id  Hier.1 tb_top
