03:02:05    16 -->                                                             [tcl] ucliGUI::connect -toolargs -ucligui -toolexe simv +neg_tchk +maxdelays +notimingcheck +nospecify +vc +v2k -pid 113153 -toolin /tmp/vcs_20241225110204_113152_huzi..stdin -toolout /tmp/vcs_20241225110204_113152_huzi..stdout  
03:02:05    17 -->                                                                 [tcl] set ucliGUI::state
03:02:05    18 -->                                                                     [tcl] gui_update_simulator_buttons
03:02:05    19 -->                                                                         [tcl] set ucliGUI::state
03:02:05    20 -->                                                                             [tcl] ucliCore::getToolPID
03:02:05    21 -->                                                                                 [tcl] synopsys::env hasTB
03:02:05    22 -->                                                                                     [tcl] trigger_hier_stack_context_switch 0
03:02:05    23 -->                                                                                         [tcl] synUtils::setDVEInitPhase 1
03:02:05    24 -->                                                                                             [tcl] gui_get_env SIMSETUP::SIMVPD
03:02:05    25 --> ...  [tcl] synopsys::dump -type VPD -file /home/huzi/Soc/risc-v/20241209_V1.0_group9/pre_sim/inter.vpd -locking
03:02:05    26 --> ...      [tcl] synopsys::dump -autoflush on -fid VPD0
03:02:05    27 --> ...          [tcl] set ::dve_fid VPD0
03:02:05    28 --> ...              [tcl] synUtils::setDVEInitPhase 0
03:02:05    29 --> ...                  [tcl] ucliCore::getToolPID
03:02:05    30 --> ...                      [tcl] synUtils::sendTool -active _icl_setToolSocket /tmp/smlnp0D9FyQ
03:02:05    31 --> ...                          [tcl] synUtils::sendTool -active {_icl_start_rpc -version "O-2018.09-SP2_Full64" -sync_file /tmp/vcs_dve_rpc.huzi.113153}
03:02:06    32 --> ...                              [tcl] synUtils::sendTool -active {_icl_createSharedMemory /tmp/vcs_dve_general.huzi.113153}
03:02:06    33 --> ...                                  [tcl] dveMisc::vbusExpand PANA1AP
03:02:06    34 --> ...                                      [tcl] config endofsim noexit
03:02:06    35 --> ...                                          [tcl] config onfail enable all
03:02:06    36 --> ...                                              [tcl] config syscaddplainmembers
03:02:06    37 --> ...                                                  [tcl] config syscaddsourcenames
03:02:06    38 --> ...                                                      [tcl] config syscaddstructtypes
03:02:06    39 --> ...                                                          [tcl] synopsys::listing -disable
03:02:13    40 --> ...                                                              [tcl] synopsys::run
03:02:13    41 --> ...                                                                  [tcl] set ucliGUI::state
03:02:13    42 --> ...                                                                      [tcl] gui_update_simulator_buttons
03:02:13    43 --> ...                                                                          [tcl] set ucliGUI::state
03:02:13    44 --> ...                                                                              [tcl] gui_update_simulator_buttons
03:02:14    45 --> ...                                                                                  [tcl] set ucliGUI::state
03:02:14    46 --> ...                                                                                      [tcl] set ucliGUI::state
03:02:14    47 --> ...                                                                                          [tcl] catch {senv activeDomain} dveMisc::result 
03:02:14    48 --> ...                                                                                              [tcl] set dveMisc::result
03:02:14    49 --> ...                                                                                                  [tcl] gui_update_simulator_buttons
03:02:22    50 --> ...  [tcl] dveMisc::vbusExpand tb_top
03:02:24    51 --> ...      [tcl] dveMisc::vbusExpand tb_top.u_full_chip
