/home/huzi/Env/syn2018/syn/O-2018.06-SP1/auxx/gui/dv/dv_setup.tcl
/home/huzi/Env/syn2018/syn/O-2018.06-SP1/auxx/gui/syn/snpsSynProcs.tcl
/home/huzi/Env/syn2018/syn/O-2018.06-SP1/auxx/gui/syn/layout/pkgIndex.tcl
/home/huzi/Env/syn2018/syn/O-2018.06-SP1/auxx/gui/common/acg/pkgIndex.tcl
/home/huzi/Env/syn2018/syn/O-2018.06-SP1/auxx/gui/common/regressionToolkit/pkgIndex.tcl
/home/huzi/Env/syn2018/syn/O-2018.06-SP1/auxx/gui/common/WindowFrameWork/pkgIndex.tcl
/home/huzi/Env/syn2018/syn/O-2018.06-SP1/auxx/gui/common/schematic/pkgIndex.tcl
/home/huzi/Env/syn2018/syn/O-2018.06-SP1/auxx/gui/common/strokes/pkgIndex.tcl
/home/huzi/Env/syn2018/syn/O-2018.06-SP1/auxx/gui/common/mrupalette/pkgIndex.tcl
/home/huzi/Env/syn2018/syn/O-2018.06-SP1/auxx/gui/common/view/pkgIndex.tcl
/home/huzi/Env/syn2018/syn/O-2018.06-SP1/auxx/gui/common/palettegroup/pkgIndex.tcl
/home/huzi/Env/syn2018/syn/O-2018.06-SP1/auxx/gui/common/fanoutviewer/pkgIndex.tcl
/home/huzi/Env/syn2018/syn/O-2018.06-SP1/auxx/gui/common/tq/pkgIndex.tcl
/home/huzi/Env/syn2018/syn/O-2018.06-SP1/auxx/gui/common/tiledview/pkgIndex.tcl
/home/huzi/Env/syn2018/syn/O-2018.06-SP1/auxx/gui/common/commandform/pkgIndex.tcl
/home/huzi/Env/syn2018/syn/O-2018.06-SP1/auxx/gui/common/menus/pkgIndex.tcl
/home/huzi/Env/syn2018/syn/O-2018.06-SP1/auxx/gui/common/docBrowser/pkgIndex.tcl
/home/huzi/Env/syn2018/syn/O-2018.06-SP1/auxx/gui/common/select/pkgIndex.tcl
/home/huzi/Env/syn2018/syn/O-2018.06-SP1/auxx/gui/common/dialogs/pkgIndex.tcl
/home/huzi/Env/syn2018/syn/O-2018.06-SP1/auxx/gui/common/qtcl/pkgIndex.tcl
/home/huzi/Env/syn2018/syn/O-2018.06-SP1/auxx/gui/common/layout/pkgIndex.tcl
/home/huzi/Env/syn2018/syn/O-2018.06-SP1/auxx/gui/common/profiler/pkgIndex.tcl
/home/huzi/Env/syn2018/syn/O-2018.06-SP1/auxx/gui/common/misc/pkgIndex.tcl
/home/huzi/Env/syn2018/syn/O-2018.06-SP1/auxx/gui/common/highlight/pkgIndex.tcl
/home/huzi/Env/syn2018/syn/O-2018.06-SP1/auxx/gui/common/libviewer/pkgIndex.tcl
/home/huzi/Env/syn2018/syn/O-2018.06-SP1/auxx/gui/common/pathinspector/pkgIndex.tcl
/home/huzi/Env/syn2018/syn/O-2018.06-SP1/auxx/gui/common/table/pkgIndex.tcl
/home/huzi/Env/syn2018/syn/O-2018.06-SP1/auxx/gui/common/tcl-dp/pkgIndex.tcl
/home/huzi/Env/syn2018/syn/O-2018.06-SP1/auxx/gui/common/setup/pkgIndex.tcl
/home/huzi/Env/syn2018/syn/O-2018.06-SP1/auxx/gui/common/histogram/pkgIndex.tcl
/home/huzi/Env/syn2018/syn/O-2018.06-SP1/auxx/gui/common/hierarchy/pkgIndex.tcl
/home/huzi/Env/syn2018/syn/O-2018.06-SP1/auxx/gui/common/opdlg/pkgIndex.tcl
/home/huzi/Env/syn2018/syn/O-2018.06-SP1/auxx/gui/common/timing/pkgIndex.tcl
/home/huzi/Env/syn2018/syn/O-2018.06-SP1/auxx/gui/dv/pkgIndex.tcl
/home/huzi/Env/syn2018/syn/O-2018.06-SP1/auxx/syn/lib/pkgIndex.tcl
/home/huzi/Env/syn2018/syn/O-2018.06-SP1/auxx/tcllib/lib/iwidgets4.1/pkgIndex.tcl
/home/huzi/Env/syn2018/syn/O-2018.06-SP1/auxx/tcllib/snps_tcl/snpsTclPro/pkgIndex.tcl
/home/huzi/Env/syn2018/syn/O-2018.06-SP1/auxx/tcllib/snps_tcl/snpsUtils/pkgIndex.tcl
/home/huzi/Env/syn2018/syn/O-2018.06-SP1/auxx/tcllib/snps_tcl/snpsTest/pkgIndex.tcl
/home/huzi/Env/syn2018/syn/O-2018.06-SP1/auxx/tcllib/snps_tcl/pkgIndex.tcl
/home/huzi/Env/syn2018/syn/O-2018.06-SP1/auxx/tcllib/lib/tcl8.6/reg/pkgIndex.tcl
/home/huzi/Env/syn2018/syn/O-2018.06-SP1/auxx/tcllib/lib/tcl8.6/opt/pkgIndex.tcl
/home/huzi/Env/syn2018/syn/O-2018.06-SP1/auxx/tcllib/lib/tcl8.6/dde/pkgIndex.tcl
/home/huzi/Env/syn2018/syn/O-2018.06-SP1/auxx/tcllib/lib/tcl8.6/msgcat/pkgIndex.tcl
/home/huzi/Env/syn2018/syn/O-2018.06-SP1/auxx/tcllib/lib/tcl8.6/platform/pkgIndex.tcl
/home/huzi/Env/syn2018/syn/O-2018.06-SP1/auxx/tcllib/lib/tcl8.6/tcltest/pkgIndex.tcl
/home/huzi/Env/syn2018/syn/O-2018.06-SP1/auxx/tcllib/lib/tcl8.6/http/pkgIndex.tcl
/home/huzi/Env/syn2018/syn/O-2018.06-SP1/auxx/tcllib/lib/tcl8.6/http1.0/pkgIndex.tcl
/home/huzi/Env/syn2018/syn/O-2018.06-SP1/auxx/gui/common/setup/snpsCommonSetup.tcl
/home/huzi/Env/syn2018/syn/O-2018.06-SP1/auxx/gui/common/setup/snpsCustomize.tcl
/home/huzi/Env/syn2018/syn/O-2018.06-SP1/auxx/gui/common/setup/snpsProcheck.tcl
/home/huzi/Env/syn2018/syn/O-2018.06-SP1/auxx/gui/common/qtcl/.synopsys_qtcl.tcl
/home/huzi/Env/syn2018/syn/O-2018.06-SP1/auxx/gui/common/highlight/highlight.tcl
/home/huzi/Env/syn2018/syn/O-2018.06-SP1/auxx/gui/common/misc/base.tcl
/home/huzi/Env/syn2018/syn/O-2018.06-SP1/auxx/gui/common/misc/timing.tcl
/home/huzi/Env/syn2018/syn/O-2018.06-SP1/auxx/gui/common/misc/setting.tcl
/home/huzi/Env/syn2018/syn/O-2018.06-SP1/auxx/gui/common/misc/preset.tcl
/home/huzi/Env/syn2018/syn/O-2018.06-SP1/auxx/gui/common/WindowFrameWork/windowFrameWork.tcl
/home/huzi/Env/syn2018/syn/O-2018.06-SP1/auxx/gui/common/WindowFrameWork/skipBusyCursorCmdList.tcl
/home/huzi/Env/syn2018/syn/O-2018.06-SP1/auxx/gui/common/docBrowser/docBrowser.tcl
/home/huzi/Env/syn2018/syn/O-2018.06-SP1/auxx/tcllib/snps_tcl/snpsUtils/snpsUtils.tcl
/home/huzi/Env/syn2018/syn/O-2018.06-SP1/auxx/gui/common/dialogs/ObjectChooser.tcl
/home/huzi/Env/syn2018/syn/O-2018.06-SP1/auxx/gui/common/misc/DialogObjectChooser.tcl
/home/huzi/Env/syn2018/syn/O-2018.06-SP1/auxx/gui/common/dialogs/HistBinInformation.tcl
/home/huzi/Env/syn2018/syn/O-2018.06-SP1/auxx/gui/common/dialogs/HistBin1Information.tcl
/home/huzi/Env/syn2018/syn/O-2018.06-SP1/auxx/gui/common/dialogs/BinsOnlyInformation.tcl
/home/huzi/Env/syn2018/syn/O-2018.06-SP1/auxx/gui/common/dialogs/FileChooser.tcl
/home/huzi/Env/syn2018/syn/O-2018.06-SP1/auxx/gui/common/dialogs/PathPinSimpleInfo.tcl
/home/huzi/Env/syn2018/syn/O-2018.06-SP1/auxx/gui/common/dialogs/PathsBasicInfo.tcl
/home/huzi/Env/syn2018/syn/O-2018.06-SP1/auxx/gui/common/dialogs/PathsBasicSimpleInfo.tcl
/home/huzi/Env/syn2018/syn/O-2018.06-SP1/auxx/gui/common/dialogs/SlctOperationInfo.tcl
/home/huzi/Env/syn2018/syn/O-2018.06-SP1/auxx/gui/common/dialogs/ObjectListInfo.tcl
/home/huzi/Env/syn2018/syn/O-2018.06-SP1/auxx/gui/common/dialogs/FanInOutInfo.tcl
/home/huzi/Env/syn2018/syn/O-2018.06-SP1/auxx/gui/common/dialogs/NumberOfLevelsChooser.tcl
/home/huzi/Env/syn2018/syn/O-2018.06-SP1/auxx/gui/common/dialogs/WindowReuseInfo.tcl
/home/huzi/Env/syn2018/syn/O-2018.06-SP1/auxx/gui/common/dialogs/ReportOutputOptionInfo.tcl
/home/huzi/Env/syn2018/syn/O-2018.06-SP1/auxx/gui/common/setup/snpsCollections.tcl
/home/huzi/Env/syn2018/syn/O-2018.06-SP1/auxx/gui/common/dialogs/CompileLinkDesign.tcl
/home/huzi/Env/syn2018/syn/O-2018.06-SP1/auxx/gui/common/histogram/DialogEndpointSlack.tcl
/home/huzi/Env/syn2018/syn/O-2018.06-SP1/auxx/gui/common/histogram/DialogPathsSlack.tcl
/home/huzi/Env/syn2018/syn/O-2018.06-SP1/auxx/gui/common/histogram/DialogNetCapacitance.tcl
/home/huzi/Env/syn2018/syn/O-2018.06-SP1/auxx/gui/common/schematic/DialogPathSchematicFanInOut.tcl
/home/huzi/Env/syn2018/syn/O-2018.06-SP1/auxx/gui/common/schematic/DialogPathSchematicAddPaths.tcl
/home/huzi/Soc/risc-v/20241209_V1.0_group9/syn/scripts/dc.tcl
/home/huzi/Soc/risc-v/20241209_V1.0_group9/syn/scripts/setup_dc.tcl
/home/huzi/Soc/risc-v/20241209_V1.0_group9/syn/e203_defines.v
/home/huzi/Soc/risc-v/20241209_V1.0_group9/syn/config.v
/home/huzi/Soc/risc-v/20241209_V1.0_group9/syn/e203_defines.v
/home/huzi/Soc/risc-v/20241209_V1.0_group9/syn/config.v
/home/huzi/Soc/risc-v/20241209_V1.0_group9/syn/e203_defines.v
/home/huzi/Soc/risc-v/20241209_V1.0_group9/syn/config.v
/home/huzi/Soc/risc-v/20241209_V1.0_group9/syn/e203_defines.v
/home/huzi/Soc/risc-v/20241209_V1.0_group9/syn/config.v
/home/huzi/Soc/risc-v/20241209_V1.0_group9/syn/e203_defines.v
/home/huzi/Soc/risc-v/20241209_V1.0_group9/syn/config.v
/home/huzi/Soc/risc-v/20241209_V1.0_group9/syn/e203_defines.v
/home/huzi/Soc/risc-v/20241209_V1.0_group9/syn/config.v
/home/huzi/Soc/risc-v/20241209_V1.0_group9/syn/e203_defines.v
/home/huzi/Soc/risc-v/20241209_V1.0_group9/syn/config.v
/home/huzi/Soc/risc-v/20241209_V1.0_group9/syn/e203_defines.v
/home/huzi/Soc/risc-v/20241209_V1.0_group9/syn/config.v
/home/huzi/Soc/risc-v/20241209_V1.0_group9/syn/e203_defines.v
/home/huzi/Soc/risc-v/20241209_V1.0_group9/syn/config.v
/home/huzi/Soc/risc-v/20241209_V1.0_group9/syn/e203_defines.v
/home/huzi/Soc/risc-v/20241209_V1.0_group9/syn/config.v
/home/huzi/Soc/risc-v/20241209_V1.0_group9/syn/e203_defines.v
/home/huzi/Soc/risc-v/20241209_V1.0_group9/syn/config.v
/home/huzi/Soc/risc-v/20241209_V1.0_group9/syn/e203_defines.v
/home/huzi/Soc/risc-v/20241209_V1.0_group9/syn/config.v
/home/huzi/Soc/risc-v/20241209_V1.0_group9/syn/e203_defines.v
/home/huzi/Soc/risc-v/20241209_V1.0_group9/syn/config.v
/home/huzi/Soc/risc-v/20241209_V1.0_group9/syn/e203_defines.v
/home/huzi/Soc/risc-v/20241209_V1.0_group9/syn/config.v
/home/huzi/Soc/risc-v/20241209_V1.0_group9/syn/e203_defines.v
/home/huzi/Soc/risc-v/20241209_V1.0_group9/syn/config.v
/home/huzi/Soc/risc-v/20241209_V1.0_group9/syn/e203_defines.v
/home/huzi/Soc/risc-v/20241209_V1.0_group9/syn/config.v
/home/huzi/Soc/risc-v/20241209_V1.0_group9/syn/e203_defines.v
/home/huzi/Soc/risc-v/20241209_V1.0_group9/syn/config.v
/home/huzi/Soc/risc-v/20241209_V1.0_group9/syn/e203_defines.v
/home/huzi/Soc/risc-v/20241209_V1.0_group9/syn/config.v
/home/huzi/Soc/risc-v/20241209_V1.0_group9/syn/e203_defines.v
/home/huzi/Soc/risc-v/20241209_V1.0_group9/syn/config.v
/home/huzi/Soc/risc-v/20241209_V1.0_group9/syn/e203_defines.v
/home/huzi/Soc/risc-v/20241209_V1.0_group9/syn/config.v
/home/huzi/Soc/risc-v/20241209_V1.0_group9/syn/e203_defines.v
/home/huzi/Soc/risc-v/20241209_V1.0_group9/syn/config.v
/home/huzi/Soc/risc-v/20241209_V1.0_group9/syn/e203_defines.v
/home/huzi/Soc/risc-v/20241209_V1.0_group9/syn/config.v
/home/huzi/Soc/risc-v/20241209_V1.0_group9/syn/e203_defines.v
/home/huzi/Soc/risc-v/20241209_V1.0_group9/syn/config.v
/home/huzi/Soc/risc-v/20241209_V1.0_group9/syn/e203_defines.v
/home/huzi/Soc/risc-v/20241209_V1.0_group9/syn/config.v
/home/huzi/Soc/risc-v/20241209_V1.0_group9/syn/e203_defines.v
/home/huzi/Soc/risc-v/20241209_V1.0_group9/syn/config.v
/home/huzi/Soc/risc-v/20241209_V1.0_group9/syn/e203_defines.v
/home/huzi/Soc/risc-v/20241209_V1.0_group9/syn/config.v
/home/huzi/Soc/risc-v/20241209_V1.0_group9/syn/e203_defines.v
/home/huzi/Soc/risc-v/20241209_V1.0_group9/syn/config.v
/home/huzi/Soc/risc-v/20241209_V1.0_group9/syn/e203_defines.v
/home/huzi/Soc/risc-v/20241209_V1.0_group9/syn/config.v
/home/huzi/Soc/risc-v/20241209_V1.0_group9/syn/e203_defines.v
/home/huzi/Soc/risc-v/20241209_V1.0_group9/syn/config.v
/home/huzi/Soc/risc-v/20241209_V1.0_group9/syn/e203_defines.v
/home/huzi/Soc/risc-v/20241209_V1.0_group9/syn/config.v
/home/huzi/Soc/risc-v/20241209_V1.0_group9/syn/e203_defines.v
/home/huzi/Soc/risc-v/20241209_V1.0_group9/syn/config.v
/home/huzi/Soc/risc-v/20241209_V1.0_group9/syn/e203_defines.v
/home/huzi/Soc/risc-v/20241209_V1.0_group9/syn/config.v
/home/huzi/Soc/risc-v/20241209_V1.0_group9/syn/e203_defines.v
/home/huzi/Soc/risc-v/20241209_V1.0_group9/syn/config.v
/home/huzi/Soc/risc-v/20241209_V1.0_group9/syn/e203_defines.v
/home/huzi/Soc/risc-v/20241209_V1.0_group9/syn/config.v
/home/huzi/Soc/risc-v/20241209_V1.0_group9/syn/e203_defines.v
/home/huzi/Soc/risc-v/20241209_V1.0_group9/syn/config.v
/home/huzi/Soc/risc-v/20241209_V1.0_group9/syn/e203_defines.v
/home/huzi/Soc/risc-v/20241209_V1.0_group9/syn/config.v
/home/huzi/Soc/risc-v/20241209_V1.0_group9/syn/e203_defines.v
/home/huzi/Soc/risc-v/20241209_V1.0_group9/syn/config.v
/home/huzi/Soc/risc-v/20241209_V1.0_group9/syn/e203_defines.v
/home/huzi/Soc/risc-v/20241209_V1.0_group9/syn/config.v
/home/huzi/Soc/risc-v/20241209_V1.0_group9/syn/e203_defines.v
/home/huzi/Soc/risc-v/20241209_V1.0_group9/syn/config.v
/home/huzi/Soc/risc-v/20241209_V1.0_group9/syn/e203_defines.v
/home/huzi/Soc/risc-v/20241209_V1.0_group9/syn/config.v
/home/huzi/Soc/risc-v/20241209_V1.0_group9/syn/e203_defines.v
/home/huzi/Soc/risc-v/20241209_V1.0_group9/syn/config.v
/home/huzi/Soc/risc-v/20241209_V1.0_group9/syn/e203_defines.v
/home/huzi/Soc/risc-v/20241209_V1.0_group9/syn/config.v
/home/huzi/Soc/risc-v/20241209_V1.0_group9/syn/i2c_master_defines.v
/home/huzi/Soc/risc-v/20241209_V1.0_group9/syn/i2c_master_defines.v
/home/huzi/Soc/risc-v/20241209_V1.0_group9/syn/i2c_master_defines.v
/home/huzi/Soc/risc-v/20241209_V1.0_group9/syn/e203_defines.v
/home/huzi/Soc/risc-v/20241209_V1.0_group9/syn/config.v
/home/huzi/Soc/risc-v/20241209_V1.0_group9/syn/e203_defines.v
/home/huzi/Soc/risc-v/20241209_V1.0_group9/syn/config.v
/home/huzi/Soc/risc-v/20241209_V1.0_group9/syn/e203_defines.v
/home/huzi/Soc/risc-v/20241209_V1.0_group9/syn/config.v
/home/huzi/Soc/risc-v/20241209_V1.0_group9/syn/e203_defines.v
/home/huzi/Soc/risc-v/20241209_V1.0_group9/syn/config.v
/home/huzi/Soc/risc-v/20241209_V1.0_group9/syn/e203_defines.v
/home/huzi/Soc/risc-v/20241209_V1.0_group9/syn/config.v
/home/huzi/Soc/risc-v/20241209_V1.0_group9/syn/e203_defines.v
/home/huzi/Soc/risc-v/20241209_V1.0_group9/syn/config.v
/home/huzi/Soc/risc-v/20241209_V1.0_group9/syn/e203_defines.v
/home/huzi/Soc/risc-v/20241209_V1.0_group9/syn/config.v
/home/huzi/Soc/risc-v/20241209_V1.0_group9/syn/e203_defines.v
/home/huzi/Soc/risc-v/20241209_V1.0_group9/syn/config.v
/home/huzi/Soc/risc-v/20241209_V1.0_group9/syn/e203_defines.v
/home/huzi/Soc/risc-v/20241209_V1.0_group9/syn/config.v
/home/huzi/Soc/risc-v/20241209_V1.0_group9/syn/e203_defines.v
/home/huzi/Soc/risc-v/20241209_V1.0_group9/syn/config.v
/home/huzi/Soc/risc-v/20241209_V1.0_group9/syn/e203_defines.v
/home/huzi/Soc/risc-v/20241209_V1.0_group9/syn/config.v
/home/huzi/Soc/risc-v/20241209_V1.0_group9/syn/e203_defines.v
/home/huzi/Soc/risc-v/20241209_V1.0_group9/syn/config.v
/home/huzi/Soc/risc-v/20241209_V1.0_group9/pre_sim/rtl/e203/soc/full_chip.v
/home/huzi/Soc/risc-v/20241209_V1.0_group9/pre_sim/rtl/e203/core/e203_biu.v
/home/huzi/Soc/risc-v/20241209_V1.0_group9/pre_sim/rtl/e203/core/e203_clk_ctrl.v
/home/huzi/Soc/risc-v/20241209_V1.0_group9/pre_sim/rtl/e203/core/e203_clkgate.v
/home/huzi/Soc/risc-v/20241209_V1.0_group9/pre_sim/rtl/e203/core/e203_core.v
/home/huzi/Soc/risc-v/20241209_V1.0_group9/pre_sim/rtl/e203/core/e203_cpu_top.v
/home/huzi/Soc/risc-v/20241209_V1.0_group9/pre_sim/rtl/e203/core/e203_cpu.v
/home/huzi/Soc/risc-v/20241209_V1.0_group9/pre_sim/rtl/e203/core/e203_dtcm_ctrl.v
/home/huzi/Soc/risc-v/20241209_V1.0_group9/pre_sim/rtl/e203/core/e203_dtcm_ram.v
/home/huzi/Soc/risc-v/20241209_V1.0_group9/pre_sim/rtl/e203/core/e203_extend_csr.v
/home/huzi/Soc/risc-v/20241209_V1.0_group9/pre_sim/rtl/e203/core/e203_exu_alu_bjp.v
/home/huzi/Soc/risc-v/20241209_V1.0_group9/pre_sim/rtl/e203/core/e203_exu_alu_csrctrl.v
/home/huzi/Soc/risc-v/20241209_V1.0_group9/pre_sim/rtl/e203/core/e203_exu_alu_dpath.v
/home/huzi/Soc/risc-v/20241209_V1.0_group9/pre_sim/rtl/e203/core/e203_exu_alu_lsuagu.v
/home/huzi/Soc/risc-v/20241209_V1.0_group9/pre_sim/rtl/e203/core/e203_exu_alu_muldiv.v
/home/huzi/Soc/risc-v/20241209_V1.0_group9/pre_sim/rtl/e203/core/e203_exu_alu_rglr.v
/home/huzi/Soc/risc-v/20241209_V1.0_group9/pre_sim/rtl/e203/core/e203_exu_alu.v
/home/huzi/Soc/risc-v/20241209_V1.0_group9/pre_sim/rtl/e203/core/e203_exu_branchslv.v
/home/huzi/Soc/risc-v/20241209_V1.0_group9/pre_sim/rtl/e203/core/e203_exu_commit.v
/home/huzi/Soc/risc-v/20241209_V1.0_group9/pre_sim/rtl/e203/core/e203_exu_csr.v
/home/huzi/Soc/risc-v/20241209_V1.0_group9/pre_sim/rtl/e203/core/e203_exu_decode.v
/home/huzi/Soc/risc-v/20241209_V1.0_group9/pre_sim/rtl/e203/core/e203_exu_disp.v
/home/huzi/Soc/risc-v/20241209_V1.0_group9/pre_sim/rtl/e203/core/e203_exu_excp.v
/home/huzi/Soc/risc-v/20241209_V1.0_group9/pre_sim/rtl/e203/core/e203_exu_longpwbck.v
/home/huzi/Soc/risc-v/20241209_V1.0_group9/pre_sim/rtl/e203/core/e203_exu_nice.v
/home/huzi/Soc/risc-v/20241209_V1.0_group9/pre_sim/rtl/e203/core/e203_exu_oitf.v
/home/huzi/Soc/risc-v/20241209_V1.0_group9/pre_sim/rtl/e203/core/e203_exu_regfile.v
/home/huzi/Soc/risc-v/20241209_V1.0_group9/pre_sim/rtl/e203/core/e203_exu.v
/home/huzi/Soc/risc-v/20241209_V1.0_group9/pre_sim/rtl/e203/core/e203_exu_wbck.v
/home/huzi/Soc/risc-v/20241209_V1.0_group9/pre_sim/rtl/e203/core/e203_ifu_ifetch.v
/home/huzi/Soc/risc-v/20241209_V1.0_group9/pre_sim/rtl/e203/core/e203_ifu_ift2icb.v
/home/huzi/Soc/risc-v/20241209_V1.0_group9/pre_sim/rtl/e203/core/e203_ifu_litebpu.v
/home/huzi/Soc/risc-v/20241209_V1.0_group9/pre_sim/rtl/e203/core/e203_ifu_minidec.v
/home/huzi/Soc/risc-v/20241209_V1.0_group9/pre_sim/rtl/e203/core/e203_ifu.v
/home/huzi/Soc/risc-v/20241209_V1.0_group9/pre_sim/rtl/e203/core/e203_irq_sync.v
/home/huzi/Soc/risc-v/20241209_V1.0_group9/pre_sim/rtl/e203/core/e203_itcm_ctrl.v
/home/huzi/Soc/risc-v/20241209_V1.0_group9/pre_sim/rtl/e203/core/e203_itcm_ram.v
/home/huzi/Soc/risc-v/20241209_V1.0_group9/pre_sim/rtl/e203/core/e203_lsu_ctrl.v
/home/huzi/Soc/risc-v/20241209_V1.0_group9/pre_sim/rtl/e203/core/e203_lsu.v
/home/huzi/Soc/risc-v/20241209_V1.0_group9/pre_sim/rtl/e203/core/e203_reset_ctrl.v
/home/huzi/Soc/risc-v/20241209_V1.0_group9/pre_sim/rtl/e203/core/e203_srams.v
/home/huzi/Soc/risc-v/20241209_V1.0_group9/pre_sim/rtl/e203/debug/sirv_debug_csr.v
/home/huzi/Soc/risc-v/20241209_V1.0_group9/pre_sim/rtl/e203/debug/sirv_debug_module.v
/home/huzi/Soc/risc-v/20241209_V1.0_group9/pre_sim/rtl/e203/debug/sirv_debug_ram.v
/home/huzi/Soc/risc-v/20241209_V1.0_group9/pre_sim/rtl/e203/debug/sirv_debug_rom.v
/home/huzi/Soc/risc-v/20241209_V1.0_group9/pre_sim/rtl/e203/debug/sirv_jtag_dtm.v
/home/huzi/Soc/risc-v/20241209_V1.0_group9/pre_sim/rtl/e203/fab/sirv_icb1to16_bus.v
/home/huzi/Soc/risc-v/20241209_V1.0_group9/pre_sim/rtl/e203/fab/sirv_icb1to2_bus.v
/home/huzi/Soc/risc-v/20241209_V1.0_group9/pre_sim/rtl/e203/fab/sirv_icb1to8_bus.v
/home/huzi/Soc/risc-v/20241209_V1.0_group9/pre_sim/rtl/e203/general/sirv_1cyc_sram_ctrl.v
/home/huzi/Soc/risc-v/20241209_V1.0_group9/pre_sim/rtl/e203/general/sirv_gnrl_bufs.v
/home/huzi/Soc/risc-v/20241209_V1.0_group9/pre_sim/rtl/e203/general/sirv_gnrl_dffs.v
/home/huzi/Soc/risc-v/20241209_V1.0_group9/pre_sim/rtl/e203/general/sirv_gnrl_icbs.v
/home/huzi/Soc/risc-v/20241209_V1.0_group9/pre_sim/rtl/e203/general/sirv_gnrl_ram.v
/home/huzi/Soc/risc-v/20241209_V1.0_group9/pre_sim/rtl/e203/general/sirv_gnrl_xchecker.v
/home/huzi/Soc/risc-v/20241209_V1.0_group9/pre_sim/rtl/e203/general/sirv_sim_ram.v
/home/huzi/Soc/risc-v/20241209_V1.0_group9/pre_sim/rtl/e203/general/sirv_sram_icb_ctrl.v
/home/huzi/Soc/risc-v/20241209_V1.0_group9/pre_sim/rtl/e203/mems/sirv_mrom_top.v
/home/huzi/Soc/risc-v/20241209_V1.0_group9/pre_sim/rtl/e203/mems/sirv_mrom.v
/home/huzi/Soc/risc-v/20241209_V1.0_group9/pre_sim/rtl/e203/perips/sirv_aon_lclkgen_regs.v
/home/huzi/Soc/risc-v/20241209_V1.0_group9/pre_sim/rtl/e203/perips/sirv_aon_porrst.v
/home/huzi/Soc/risc-v/20241209_V1.0_group9/pre_sim/rtl/e203/perips/sirv_aon_top.v
/home/huzi/Soc/risc-v/20241209_V1.0_group9/pre_sim/rtl/e203/perips/sirv_aon.v
/home/huzi/Soc/risc-v/20241209_V1.0_group9/pre_sim/rtl/e203/perips/sirv_aon_wrapper.v
/home/huzi/Soc/risc-v/20241209_V1.0_group9/pre_sim/rtl/e203/perips/sirv_AsyncResetReg.v
/home/huzi/Soc/risc-v/20241209_V1.0_group9/pre_sim/rtl/e203/perips/sirv_AsyncResetRegVec_129.v
/home/huzi/Soc/risc-v/20241209_V1.0_group9/pre_sim/rtl/e203/perips/sirv_AsyncResetRegVec_1.v
/home/huzi/Soc/risc-v/20241209_V1.0_group9/pre_sim/rtl/e203/perips/sirv_AsyncResetRegVec_36.v
/home/huzi/Soc/risc-v/20241209_V1.0_group9/pre_sim/rtl/e203/perips/sirv_AsyncResetRegVec.v
/home/huzi/Soc/risc-v/20241209_V1.0_group9/pre_sim/rtl/e203/perips/sirv_clint_top.v
/home/huzi/Soc/risc-v/20241209_V1.0_group9/pre_sim/rtl/e203/perips/sirv_clint.v
/home/huzi/Soc/risc-v/20241209_V1.0_group9/pre_sim/rtl/e203/perips/sirv_DeglitchShiftRegister.v
/home/huzi/Soc/risc-v/20241209_V1.0_group9/pre_sim/rtl/e203/perips/sirv_expl_axi_slv.v
/home/huzi/Soc/risc-v/20241209_V1.0_group9/pre_sim/rtl/e203/perips/sirv_flash_qspi_top.v
/home/huzi/Soc/risc-v/20241209_V1.0_group9/pre_sim/rtl/e203/perips/sirv_flash_qspi.v
/home/huzi/Soc/risc-v/20241209_V1.0_group9/pre_sim/rtl/e203/perips/sirv_hclkgen_regs.v
/home/huzi/Soc/risc-v/20241209_V1.0_group9/pre_sim/rtl/e203/perips/sirv_jtaggpioport.v
/home/huzi/Soc/risc-v/20241209_V1.0_group9/pre_sim/rtl/e203/perips/sirv_LevelGateway.v
/home/huzi/Soc/risc-v/20241209_V1.0_group9/pre_sim/rtl/e203/perips/sirv_plic_man.v
/home/huzi/Soc/risc-v/20241209_V1.0_group9/pre_sim/rtl/e203/perips/sirv_plic_top.v
/home/huzi/Soc/risc-v/20241209_V1.0_group9/pre_sim/rtl/e203/perips/sirv_pmu_core.v
/home/huzi/Soc/risc-v/20241209_V1.0_group9/pre_sim/rtl/e203/perips/sirv_pmu.v
/home/huzi/Soc/risc-v/20241209_V1.0_group9/pre_sim/rtl/e203/perips/sirv_qspi_arbiter.v
/home/huzi/Soc/risc-v/20241209_V1.0_group9/pre_sim/rtl/e203/perips/sirv_qspi_fifo.v
/home/huzi/Soc/risc-v/20241209_V1.0_group9/pre_sim/rtl/e203/perips/sirv_qspi_media.v
/home/huzi/Soc/risc-v/20241209_V1.0_group9/pre_sim/rtl/e203/perips/sirv_qspi_physical.v
/home/huzi/Soc/risc-v/20241209_V1.0_group9/pre_sim/rtl/e203/perips/sirv_queue_1.v
/home/huzi/Soc/risc-v/20241209_V1.0_group9/pre_sim/rtl/e203/perips/sirv_queue.v
/home/huzi/Soc/risc-v/20241209_V1.0_group9/pre_sim/rtl/e203/perips/sirv_repeater_6.v
/home/huzi/Soc/risc-v/20241209_V1.0_group9/pre_sim/rtl/e203/perips/sirv_ResetCatchAndSync_2.v
/home/huzi/Soc/risc-v/20241209_V1.0_group9/pre_sim/rtl/e203/perips/sirv_ResetCatchAndSync.v
/home/huzi/Soc/risc-v/20241209_V1.0_group9/pre_sim/rtl/e203/perips/sirv_rtc.v
/home/huzi/Soc/risc-v/20241209_V1.0_group9/pre_sim/rtl/e203/perips/sirv_spi_flashmap.v
/home/huzi/Soc/risc-v/20241209_V1.0_group9/pre_sim/rtl/e203/perips/sirv_tlfragmenter_qspi_1.v
/home/huzi/Soc/risc-v/20241209_V1.0_group9/pre_sim/rtl/e203/perips/sirv_tl_repeater_5.v
/home/huzi/Soc/risc-v/20241209_V1.0_group9/pre_sim/rtl/e203/perips/sirv_tlwidthwidget_qspi.v
/home/huzi/Soc/risc-v/20241209_V1.0_group9/pre_sim/rtl/e203/perips/sirv_wdog.v
/home/huzi/Soc/risc-v/20241209_V1.0_group9/pre_sim/rtl/e203/perips/apb_adv_timer/adv_timer_apb_if.v
/home/huzi/Soc/risc-v/20241209_V1.0_group9/pre_sim/rtl/e203/perips/apb_adv_timer/apb_adv_timer.v
/home/huzi/Soc/risc-v/20241209_V1.0_group9/pre_sim/rtl/e203/perips/apb_adv_timer/comparator.v
/home/huzi/Soc/risc-v/20241209_V1.0_group9/pre_sim/rtl/e203/perips/apb_adv_timer/input_stage.v
/home/huzi/Soc/risc-v/20241209_V1.0_group9/pre_sim/rtl/e203/perips/apb_adv_timer/prescaler.v
/home/huzi/Soc/risc-v/20241209_V1.0_group9/pre_sim/rtl/e203/perips/apb_adv_timer/timer_cntrl.v
/home/huzi/Soc/risc-v/20241209_V1.0_group9/pre_sim/rtl/e203/perips/apb_adv_timer/timer_module.v
/home/huzi/Soc/risc-v/20241209_V1.0_group9/pre_sim/rtl/e203/perips/apb_adv_timer/up_down_counter.v
/home/huzi/Soc/risc-v/20241209_V1.0_group9/pre_sim/rtl/e203/perips/apb_gpio/apb_gpio.v
/home/huzi/Soc/risc-v/20241209_V1.0_group9/pre_sim/rtl/e203/perips/apb_i2c/apb_i2c.v
/home/huzi/Soc/risc-v/20241209_V1.0_group9/pre_sim/rtl/e203/perips/apb_i2c/i2c_master_bit_ctrl.v
/home/huzi/Soc/risc-v/20241209_V1.0_group9/pre_sim/rtl/e203/perips/apb_i2c/i2c_master_byte_ctrl.v
/home/huzi/Soc/risc-v/20241209_V1.0_group9/pre_sim/rtl/e203/perips/apb_spi_master/apb_spi_master.v
/home/huzi/Soc/risc-v/20241209_V1.0_group9/pre_sim/rtl/e203/perips/apb_spi_master/spi_master_apb_if.v
/home/huzi/Soc/risc-v/20241209_V1.0_group9/pre_sim/rtl/e203/perips/apb_spi_master/spi_master_clkgen.v
/home/huzi/Soc/risc-v/20241209_V1.0_group9/pre_sim/rtl/e203/perips/apb_spi_master/spi_master_controller.v
/home/huzi/Soc/risc-v/20241209_V1.0_group9/pre_sim/rtl/e203/perips/apb_spi_master/spi_master_fifo.v
/home/huzi/Soc/risc-v/20241209_V1.0_group9/pre_sim/rtl/e203/perips/apb_spi_master/spi_master_rx.v
/home/huzi/Soc/risc-v/20241209_V1.0_group9/pre_sim/rtl/e203/perips/apb_spi_master/spi_master_tx.v
/home/huzi/Soc/risc-v/20241209_V1.0_group9/pre_sim/rtl/e203/perips/apb_uart/apb_uart.v
/home/huzi/Soc/risc-v/20241209_V1.0_group9/pre_sim/rtl/e203/perips/apb_uart/io_generic_fifo.v
/home/huzi/Soc/risc-v/20241209_V1.0_group9/pre_sim/rtl/e203/perips/apb_uart/uart_interrupt.v
/home/huzi/Soc/risc-v/20241209_V1.0_group9/pre_sim/rtl/e203/perips/apb_uart/uart_rx.v
/home/huzi/Soc/risc-v/20241209_V1.0_group9/pre_sim/rtl/e203/perips/apb_uart/uart_tx.v
/home/huzi/Soc/risc-v/20241209_V1.0_group9/pre_sim/rtl/e203/soc/e203_soc_top.v
/home/huzi/Soc/risc-v/20241209_V1.0_group9/pre_sim/rtl/e203/subsys/e203_subsys_clint.v
/home/huzi/Soc/risc-v/20241209_V1.0_group9/pre_sim/rtl/e203/subsys/e203_subsys_gfcm.v
/home/huzi/Soc/risc-v/20241209_V1.0_group9/pre_sim/rtl/e203/subsys/e203_subsys_hclkgen_rstsync.v
/home/huzi/Soc/risc-v/20241209_V1.0_group9/pre_sim/rtl/e203/subsys/e203_subsys_hclkgen.v
/home/huzi/Soc/risc-v/20241209_V1.0_group9/pre_sim/rtl/e203/subsys/e203_subsys_main.v
/home/huzi/Soc/risc-v/20241209_V1.0_group9/pre_sim/rtl/e203/subsys/e203_subsys_mems.v
/home/huzi/Soc/risc-v/20241209_V1.0_group9/pre_sim/rtl/e203/subsys/e203_subsys_nice_core.v
/home/huzi/Soc/risc-v/20241209_V1.0_group9/pre_sim/rtl/e203/subsys/e203_subsys_perips.v
/home/huzi/Soc/risc-v/20241209_V1.0_group9/pre_sim/rtl/e203/subsys/e203_subsys_plic.v
/home/huzi/Soc/risc-v/20241209_V1.0_group9/pre_sim/rtl/e203/subsys/e203_subsys_pllclkdiv.v
/home/huzi/Soc/risc-v/20241209_V1.0_group9/pre_sim/rtl/e203/subsys/e203_subsys_pll.v
/home/huzi/Soc/risc-v/20241209_V1.0_group9/pre_sim/rtl/e203/subsys/e203_subsys_top.v
/home/huzi/Soc/lib/SMIC180/SCC018UG_UHD_RVT_V0p4a/liberty/1.8v/scc018ug_uhd_rvt_ss_v1p62_125c_basic.db
/home/huzi/Soc/lib/SMIC180/SP018_V1.5b/SP018_V1p5b/SP018_V1p5b/syn/SP018_V1p4_max.db
/home/huzi/Soc/lib/SMIC180/MEM_IP_20MHz/db/RA1SHD8192X64_slow_syn.db
/home/huzi/Soc/lib/SMIC180/MEM_IP_20MHz/db/RA1SHD8192X32_slow_syn.db
/home/huzi/Env/syn2018/syn/O-2018.06-SP1/libraries/syn/dw_foundation.sldb
/home/huzi/Env/syn2018/syn/O-2018.06-SP1/libraries/syn/gtech.db
/home/huzi/Env/syn2018/syn/O-2018.06-SP1/libraries/syn/standard.sldb
/home/huzi/Soc/risc-v/20241209_V1.0_group9/syn/scripts/cons.tcl
/home/huzi/synopsys_cache_O-2018.06-SP1/DW01/DW01_inc/rpl/4/scc018ug_uhd_rvt_ss_v1p62_125c_basic_1123/element.ddc
/home/huzi/synopsys_cache_O-2018.06-SP1/DW01/DW_cmp/apparch/2/scc018ug_uhd_rvt_ss_v1p62_125c_basic_1123/8167_7224/mapped.ddc
/home/huzi/synopsys_cache_O-2018.06-SP1/DW01/DW01_dec/rpl/3/scc018ug_uhd_rvt_ss_v1p62_125c_basic_1123/element.ddc
/home/huzi/synopsys_cache_O-2018.06-SP1/DW01/DW01_inc/rpl/3/scc018ug_uhd_rvt_ss_v1p62_125c_basic_1123/element.ddc
/home/huzi/synopsys_cache_O-2018.06-SP1/DW01/DW_cmp/apparch/3/scc018ug_uhd_rvt_ss_v1p62_125c_basic_1123/8167_7224/mapped.ddc
/home/huzi/synopsys_cache_O-2018.06-SP1/DW01/DW01_dec/rpl/4/scc018ug_uhd_rvt_ss_v1p62_125c_basic_1123/element.ddc
/home/huzi/synopsys_cache_O-2018.06-SP1/DW01/DW01_sub/rpl/3/scc018ug_uhd_rvt_ss_v1p62_125c_basic_1123/element.ddc
/home/huzi/synopsys_cache_O-2018.06-SP1/DW01/DW_cmp/apparch/4/scc018ug_uhd_rvt_ss_v1p62_125c_basic_1123/8167_7224/mapped.ddc
/home/huzi/synopsys_cache_O-2018.06-SP1/DW01/DW01_add/rpl/4/scc018ug_uhd_rvt_ss_v1p62_125c_basic_1123/element.ddc
/home/huzi/synopsys_cache_O-2018.06-SP1/DW01/DW01_inc/rpl/2/scc018ug_uhd_rvt_ss_v1p62_125c_basic_1123/element.ddc
/home/huzi/synopsys_cache_O-2018.06-SP1/DW01/DW_leftsh/astr/2/3/scc018ug_uhd_rvt_ss_v1p62_125c_basic_1123/8167_7224/mapped.ddc
/home/huzi/synopsys_cache_O-2018.06-SP1/DW01/DW_leftsh/astr/4/2/scc018ug_uhd_rvt_ss_v1p62_125c_basic_1123/8167_7224/mapped.ddc
/home/huzi/synopsys_cache_O-2018.06-SP1/DW01/DW01_inc/rpl/26/scc018ug_uhd_rvt_ss_v1p62_125c_basic_1123/element.ddc
/home/huzi/synopsys_cache_O-2018.06-SP1/DW01/DW01_add/rpl/6/scc018ug_uhd_rvt_ss_v1p62_125c_basic_1123/element.ddc
/home/huzi/synopsys_cache_O-2018.06-SP1/DW01/DW01_inc/rpl/16/scc018ug_uhd_rvt_ss_v1p62_125c_basic_1123/element.ddc
/home/huzi/synopsys_cache_O-2018.06-SP1/DW01/DW01_inc/rpl/42/scc018ug_uhd_rvt_ss_v1p62_125c_basic_1123/element.ddc
/home/huzi/synopsys_cache_O-2018.06-SP1/DW01/DW01_add/rpl/7/scc018ug_uhd_rvt_ss_v1p62_125c_basic_1123/element.ddc
/home/huzi/synopsys_cache_O-2018.06-SP1/DW01/DW01_dec/rpl/16/scc018ug_uhd_rvt_ss_v1p62_125c_basic_1123/element.ddc
/home/huzi/synopsys_cache_O-2018.06-SP1/DW01/DW01_dec/rpl/17/scc018ug_uhd_rvt_ss_v1p62_125c_basic_1123/element.ddc
/home/huzi/synopsys_cache_O-2018.06-SP1/DW01/DW01_inc/rpl/8/scc018ug_uhd_rvt_ss_v1p62_125c_basic_1123/element.ddc
/home/huzi/synopsys_cache_O-2018.06-SP1/DW01/DW01_dec/rpl/14/scc018ug_uhd_rvt_ss_v1p62_125c_basic_1123/element.ddc
/home/huzi/synopsys_cache_O-2018.06-SP1/DW01/DW01_inc/rpl/5/scc018ug_uhd_rvt_ss_v1p62_125c_basic_1123/element.ddc
/home/huzi/synopsys_cache_O-2018.06-SP1/DW01/DW01_dec/rpl/5/scc018ug_uhd_rvt_ss_v1p62_125c_basic_1123/element.ddc
/home/huzi/synopsys_cache_O-2018.06-SP1/DW01/DW01_inc/rpl/32/scc018ug_uhd_rvt_ss_v1p62_125c_basic_1123/element.ddc
/home/huzi/synopsys_cache_O-2018.06-SP1/DW01/DW01_dec/rpl/12/scc018ug_uhd_rvt_ss_v1p62_125c_basic_1123/element.ddc
/home/huzi/synopsys_cache_O-2018.06-SP1/DW01/DW01_inc/rpl/64/scc018ug_uhd_rvt_ss_v1p62_125c_basic_1123/element.ddc
/home/huzi/synopsys_cache_O-2018.06-SP1/DW01/DW01_add/rpl/32/scc018ug_uhd_rvt_ss_v1p62_125c_basic_1123/element.ddc
/home/huzi/synopsys_cache_O-2018.06-SP1/DW01/DW01_add/rpl/35/scc018ug_uhd_rvt_ss_v1p62_125c_basic_1123/element.ddc
/home/huzi/synopsys_cache_O-2018.06-SP1/DW01/DW01_inc/rpl/6/scc018ug_uhd_rvt_ss_v1p62_125c_basic_1123/element.ddc
/home/huzi/synopsys_cache_O-2018.06-SP1/DW02/DW_mult_uns/apparch/6/1/scc018ug_uhd_rvt_ss_v1p62_125c_basic_1123_8167_7224/element.ddc
/home/huzi/synopsys_cache_O-2018.06-SP1/DW01/DW01_inc/rpl/6/scc018ug_uhd_rvt_ss_v1p62_125c_basic_1123_8167_7224/element.ddc
/home/huzi/Soc/lib/SMIC180/SCC018UG_UHD_RVT_V0p4a/liberty/1.8v/scc018ug_uhd_rvt_ss_v1p62_125c_basic.db
/home/huzi/Soc/lib/SMIC180/SP018_V1.5b/SP018_V1p5b/SP018_V1p5b/syn/SP018_V1p4_max.db
/home/huzi/Soc/lib/SMIC180/MEM_IP_20MHz/db/RA1SHD8192X64_slow_syn.db
/home/huzi/Soc/lib/SMIC180/MEM_IP_20MHz/db/RA1SHD8192X32_slow_syn.db
/home/huzi/Soc/lib/SMIC180/SCC018UG_UHD_RVT_V0p4a/liberty/1.8v/scc018ug_uhd_rvt_ss_v1p62_125c_basic.db
/home/huzi/Soc/risc-v/20241209_V1.0_group9/syn/alib-52/scc018ug_uhd_rvt_ss_v1p62_125c_basic.db.alib
/home/huzi/Soc/lib/SMIC180/SP018_V1.5b/SP018_V1p5b/SP018_V1p5b/syn/SP018_V1p4_max.db
/home/huzi/Soc/risc-v/20241209_V1.0_group9/syn/alib-52/SP018_V1p4_max.db.alib
/home/huzi/Soc/lib/SMIC180/SCC018UG_UHD_RVT_V0p4a/liberty/1.8v/scc018ug_uhd_rvt_ss_v1p62_125c_basic.db
/home/huzi/Soc/lib/SMIC180/SP018_V1.5b/SP018_V1p5b/SP018_V1p5b/syn/SP018_V1p4_max.db
/home/huzi/Soc/lib/SMIC180/MEM_IP_20MHz/db/RA1SHD8192X64_slow_syn.db
/home/huzi/Soc/lib/SMIC180/MEM_IP_20MHz/db/RA1SHD8192X32_slow_syn.db
/home/huzi/Soc/lib/SMIC180/SCC018UG_UHD_RVT_V0p4a/liberty/1.8v/scc018ug_uhd_rvt_ss_v1p62_125c_basic.db
/home/huzi/Soc/lib/SMIC180/SP018_V1.5b/SP018_V1p5b/SP018_V1p5b/syn/SP018_V1p4_max.db
/home/huzi/Soc/risc-v/20241209_V1.0_group9/syn/alib-52/scc018ug_uhd_rvt_ss_v1p62_125c_basic.db.alib
/home/huzi/Soc/risc-v/20241209_V1.0_group9/syn/alib-52/SP018_V1p4_max.db.alib
/home/huzi/synopsys_cache_O-2018.06-SP1/DW01/DW01_inc/rpl/32/scc018ug_uhd_rvt_ss_v1p62_125c_basic_1123_8167_7224/element.ddc
/home/huzi/synopsys_cache_O-2018.06-SP1/DW01/DW01_inc/rpl/64/scc018ug_uhd_rvt_ss_v1p62_125c_basic_1123_8167_7224/element.ddc
/home/huzi/synopsys_cache_O-2018.06-SP1/DW01/DW01_inc/rpl/16/scc018ug_uhd_rvt_ss_v1p62_125c_basic_1123_8167_7224/element.ddc
/home/huzi/synopsys_cache_O-2018.06-SP1/DW01/DW01_inc/rpl/42/scc018ug_uhd_rvt_ss_v1p62_125c_basic_1123_8167_7224/element.ddc
/home/huzi/synopsys_cache_O-2018.06-SP1/DW01/DW01_inc/rpl/26/scc018ug_uhd_rvt_ss_v1p62_125c_basic_1123_8167_7224/element.ddc
/home/huzi/synopsys_cache_O-2018.06-SP1/DW01/DW01_inc/rpl/8/scc018ug_uhd_rvt_ss_v1p62_125c_basic_1123_8167_7224/element.ddc
/home/huzi/synopsys_cache_O-2018.06-SP1/DW01/DW01_add/apparch/32/scc018ug_uhd_rvt_ss_v1p62_125c_basic_1123_8167_7224/element.ddc
/home/huzi/synopsys_cache_O-2018.06-SP1/DW01/DW01_add/pparch/32/scc018ug_uhd_rvt_ss_v1p62_125c_basic_1123_8167_7224/element.ddc
/home/huzi/synopsys_cache_O-2018.06-SP1/DW01/DW01_inc/pparch/32/scc018ug_uhd_rvt_ss_v1p62_125c_basic_1123_8167_7224/element.ddc
/home/huzi/synopsys_cache_O-2018.06-SP1/DW01/DW01_add/apparch/35/scc018ug_uhd_rvt_ss_v1p62_125c_basic_1123_8167_7224/element.ddc
/home/huzi/synopsys_cache_O-2018.06-SP1/DW01/DW01_add/pparch/35/scc018ug_uhd_rvt_ss_v1p62_125c_basic_1123_8167_7224/element.ddc
/home/huzi/synopsys_cache_O-2018.06-SP1/DW01/DW01_inc/pparch/64/scc018ug_uhd_rvt_ss_v1p62_125c_basic_1123_8167_7224/element.ddc
/home/huzi/synopsys_cache_O-2018.06-SP1/DW01/DW_cmp/apparch/64/scc018ug_uhd_rvt_ss_v1p62_125c_basic_1123_8167_7224/element.ddc
/home/huzi/synopsys_cache_O-2018.06-SP1/DW01/DW_cmp/pparch/64/scc018ug_uhd_rvt_ss_v1p62_125c_basic_1123_8167_7224/element.ddc
/home/huzi/synopsys_cache_O-2018.06-SP1/DW01/DW01_inc/pparch/16/scc018ug_uhd_rvt_ss_v1p62_125c_basic_1123_8167_7224/element.ddc
/home/huzi/synopsys_cache_O-2018.06-SP1/DW01/DW01_inc/pparch/42/scc018ug_uhd_rvt_ss_v1p62_125c_basic_1123_8167_7224/element.ddc
/home/huzi/synopsys_cache_O-2018.06-SP1/DW01/DW_cmp/apparch/32/scc018ug_uhd_rvt_ss_v1p62_125c_basic_1123_8167_7224/element.ddc
/home/huzi/synopsys_cache_O-2018.06-SP1/DW01/DW_cmp/pparch/32/scc018ug_uhd_rvt_ss_v1p62_125c_basic_1123_8167_7224/element.ddc
/home/huzi/synopsys_cache_O-2018.06-SP1/DW01/DW01_inc/pparch/26/scc018ug_uhd_rvt_ss_v1p62_125c_basic_1123_8167_7224/element.ddc
/home/huzi/synopsys_cache_O-2018.06-SP1/DW01/DW01_inc/pparch/8/scc018ug_uhd_rvt_ss_v1p62_125c_basic_1123_8167_7224/element.ddc
/home/huzi/synopsys_cache_O-2018.06-SP1/DW01/DW01_dec/apparch/17/scc018ug_uhd_rvt_ss_v1p62_125c_basic_1123_8167_7224/element.ddc
/home/huzi/synopsys_cache_O-2018.06-SP1/DW01/DW01_dec/pparch/17/scc018ug_uhd_rvt_ss_v1p62_125c_basic_1123_8167_7224/element.ddc
/home/huzi/synopsys_cache_O-2018.06-SP1/DW01/DW01_dec/apparch/14/scc018ug_uhd_rvt_ss_v1p62_125c_basic_1123_8167_7224/element.ddc
/home/huzi/synopsys_cache_O-2018.06-SP1/DW01/DW01_dec/pparch/14/scc018ug_uhd_rvt_ss_v1p62_125c_basic_1123_8167_7224/element.ddc
/home/huzi/synopsys_cache_O-2018.06-SP1/DW01/DW01_dec/apparch/16/scc018ug_uhd_rvt_ss_v1p62_125c_basic_1123_8167_7224/element.ddc
/home/huzi/synopsys_cache_O-2018.06-SP1/DW01/DW01_dec/pparch/16/scc018ug_uhd_rvt_ss_v1p62_125c_basic_1123_8167_7224/element.ddc
/home/huzi/synopsys_cache_O-2018.06-SP1/DW01/DW01_dec/apparch/12/scc018ug_uhd_rvt_ss_v1p62_125c_basic_1123_8167_7224/element.ddc
/home/huzi/synopsys_cache_O-2018.06-SP1/DW01/DW01_dec/pparch/12/scc018ug_uhd_rvt_ss_v1p62_125c_basic_1123_8167_7224/element.ddc
/home/huzi/Soc/lib/SMIC180/SCC018UG_UHD_RVT_V0p4a/liberty/1.8v/scc018ug_uhd_rvt_ss_v1p62_125c_basic.db
/home/huzi/Soc/lib/SMIC180/SP018_V1.5b/SP018_V1p5b/SP018_V1p5b/syn/SP018_V1p4_max.db
/home/huzi/Soc/lib/SMIC180/MEM_IP_20MHz/db/RA1SHD8192X64_slow_syn.db
/home/huzi/Soc/lib/SMIC180/MEM_IP_20MHz/db/RA1SHD8192X32_slow_syn.db
