5:10:32 AM - ARM Physical IP, Inc.
5:10:32 AM - SunOS CC 5.9 Generic_117171-07 sun4u sparc SUNW,Ultra-Enterprise
5:10:32 AM - Version 2005Q3V1
5:10:32 AM - GUI version 4.58.20
5:10:32 AM - 
5:10:32 AM - CONFIDENTIAL AND PROPRIETARY SOFTWARE OF ARM PHYSICAL IP, INC.
5:10:32 AM - 
5:10:32 AM - Copyright (c) 1993 - 2002 ARM Physical IP, Inc.  All Rights Reserved.
5:10:32 AM - 
5:10:32 AM - Use of this Software is subject to the terms and conditions of the
5:10:32 AM - applicable license agreement with ARM Physical IP, Inc. 
5:10:32 AM - In addition, this Software is protected by patents, copyright law 
5:10:32 AM - and international treaties.
5:10:32 AM - 
5:10:32 AM - The copyright notice(s) in this Software does not indicate actual or
5:10:32 AM - intended publication of this Software.
5:10:32 AM - 
5:10:32 AM - High Speed/Density Single-Port SRAM, SMIC 0.18um Logic018 Process
5:10:32 AM - 
5:10:32 AM - Log file is ACI.log
5:10:32 AM - 
5:12:42 AM - ASCII Datatable updated
5:13:34 AM - command: /export/home/SMIC180nm_MC/MEM_IP_20MHz/RA1SHD2048X64/../../ra1shd/bin/ra1shd postscript -instname RA1SHD2048X64 -words 2048 -bits 64 -frequency 20 -ring_width 2 -mux 8 -drive 12 -write_mask on -wp_size 8 -top_layer met6 -power_type rings -horiz met3 -vert met4 -cust_comment "" -left_bus_delim "[" -right_bus_delim "]" -pwr_gnd_rename "VDD:VDD,GND:VSS" -prefix "" -pin_space 0.0 -name_case upper -check_instname on -diodes on -inside_ring_type GND -asvm on
5:13:35 AM - PostScript Datasheet generator succeeded, created:
5:13:35 AM -    RA1SHD2048X64.ps
5:13:36 AM - command: /export/home/SMIC180nm_MC/MEM_IP_20MHz/RA1SHD2048X64/../../ra1shd/bin/ra1shd ascii -instname RA1SHD2048X64 -words 2048 -bits 64 -frequency 20 -ring_width 2 -mux 8 -drive 12 -write_mask on -wp_size 8 -top_layer met6 -power_type rings -horiz met3 -vert met4 -cust_comment "" -left_bus_delim "[" -right_bus_delim "]" -pwr_gnd_rename "VDD:VDD,GND:VSS" -prefix "" -pin_space 0.0 -name_case upper -check_instname on -diodes on -inside_ring_type GND -asvm on
5:13:37 AM - ASCII Datatable generator succeeded, created:
5:13:37 AM -    RA1SHD2048X64.dat
5:13:38 AM - command: /export/home/SMIC180nm_MC/MEM_IP_20MHz/RA1SHD2048X64/../../ra1shd/bin/ra1shd verilog -instname RA1SHD2048X64 -words 2048 -bits 64 -frequency 20 -ring_width 2 -mux 8 -drive 12 -write_mask on -wp_size 8 -top_layer met6 -power_type rings -horiz met3 -vert met4 -cust_comment "" -left_bus_delim "[" -right_bus_delim "]" -pwr_gnd_rename "VDD:VDD,GND:VSS" -prefix "" -pin_space 0.0 -name_case upper -check_instname on -diodes on -inside_ring_type GND -asvm on
5:13:39 AM - Verilog Model generator succeeded, created:
5:13:39 AM -    RA1SHD2048X64.v
5:13:39 AM - command: /export/home/SMIC180nm_MC/MEM_IP_20MHz/RA1SHD2048X64/../../ra1shd/bin/ra1shd vhdl -instname RA1SHD2048X64 -words 2048 -bits 64 -frequency 20 -ring_width 2 -mux 8 -drive 12 -write_mask on -wp_size 8 -top_layer met6 -power_type rings -horiz met3 -vert met4 -cust_comment "" -left_bus_delim "[" -right_bus_delim "]" -pwr_gnd_rename "VDD:VDD,GND:VSS" -prefix "" -pin_space 0.0 -name_case upper -check_instname on -diodes on -inside_ring_type GND -asvm on
5:13:40 AM - VHDL Model generator succeeded, created:
5:13:40 AM -    RA1SHD2048X64.vhd
5:13:40 AM - command: /export/home/SMIC180nm_MC/MEM_IP_20MHz/RA1SHD2048X64/../../ra1shd/bin/ra1shd synopsys -instname RA1SHD2048X64 -words 2048 -bits 64 -frequency 20 -ring_width 2 -mux 8 -drive 12 -write_mask on -wp_size 8 -top_layer met6 -power_type rings -horiz met3 -vert met4 -cust_comment "" -left_bus_delim "[" -right_bus_delim "]" -pwr_gnd_rename "VDD:VDD,GND:VSS" -prefix "" -pin_space 0.0 -name_case upper -check_instname on -diodes on -inside_ring_type GND -asvm on -libname USERLIB
5:14:16 AM - Synopsys Model generator succeeded, created:
5:14:16 AM -    RA1SHD2048X64_fast@-40C_syn.lib
5:14:16 AM -    RA1SHD2048X64_fast@0C_syn.lib
5:14:17 AM -    RA1SHD2048X64_typical_syn.lib
5:14:17 AM -    RA1SHD2048X64_slow_syn.lib
5:14:17 AM - command: /export/home/SMIC180nm_MC/MEM_IP_20MHz/RA1SHD2048X64/../../ra1shd/bin/ra1shd primetime -instname RA1SHD2048X64 -words 2048 -bits 64 -frequency 20 -ring_width 2 -mux 8 -drive 12 -write_mask on -wp_size 8 -top_layer met6 -power_type rings -horiz met3 -vert met4 -cust_comment "" -left_bus_delim "[" -right_bus_delim "]" -pwr_gnd_rename "VDD:VDD,GND:VSS" -prefix "" -pin_space 0.0 -name_case upper -check_instname on -diodes on -inside_ring_type GND -asvm on
5:14:54 AM - PrimeTime Model generator succeeded, created:
5:14:54 AM -    RA1SHD2048X64_fast@-40C.data
5:14:54 AM -    RA1SHD2048X64_fast@0C.data
5:14:54 AM -    RA1SHD2048X64_typical.data
5:14:54 AM -    RA1SHD2048X64_slow.data
5:14:54 AM -    RA1SHD2048X64.mod
5:14:55 AM - command: /export/home/SMIC180nm_MC/MEM_IP_20MHz/RA1SHD2048X64/../../ra1shd/bin/ra1shd tlf -instname RA1SHD2048X64 -words 2048 -bits 64 -frequency 20 -ring_width 2 -mux 8 -drive 12 -write_mask on -wp_size 8 -top_layer met6 -power_type rings -horiz met3 -vert met4 -cust_comment "" -left_bus_delim "[" -right_bus_delim "]" -pwr_gnd_rename "VDD:VDD,GND:VSS" -prefix "" -pin_space 0.0 -name_case upper -check_instname on -diodes on -inside_ring_type GND -asvm on -libname USERLIB
5:16:23 AM - TLF Model generator succeeded, created:
5:16:23 AM -    RA1SHD2048X64_fast@-40C.tlf
5:16:23 AM -    RA1SHD2048X64_fast@0C.tlf
5:16:23 AM -    RA1SHD2048X64_typical.tlf
5:16:23 AM -    RA1SHD2048X64_slow.tlf
5:16:23 AM - command: /export/home/SMIC180nm_MC/MEM_IP_20MHz/RA1SHD2048X64/../../ra1shd/bin/ra1shd vclef-fp -instname RA1SHD2048X64 -words 2048 -bits 64 -frequency 20 -ring_width 2 -mux 8 -drive 12 -write_mask on -wp_size 8 -top_layer met6 -power_type rings -horiz met3 -vert met4 -cust_comment "" -left_bus_delim "[" -right_bus_delim "]" -pwr_gnd_rename "VDD:VDD,GND:VSS" -prefix "" -pin_space 0.0 -name_case upper -check_instname on -diodes on -inside_ring_type GND -asvm on -inst2ring blockages -site_def off
5:17:04 AM - VCLEF Footprint generator succeeded, created:
5:17:04 AM -    RA1SHD2048X64.vclef
5:17:05 AM - command: /export/home/SMIC180nm_MC/MEM_IP_20MHz/RA1SHD2048X64/../../ra1shd/bin/ra1shd gds2 -instname RA1SHD2048X64 -words 2048 -bits 64 -frequency 20 -ring_width 2 -mux 8 -drive 12 -write_mask on -wp_size 8 -top_layer met6 -power_type rings -horiz met3 -vert met4 -cust_comment "" -left_bus_delim "[" -right_bus_delim "]" -pwr_gnd_rename "VDD:VDD,GND:VSS" -prefix "" -pin_space 0.0 -name_case upper -check_instname on -diodes on -inside_ring_type GND -asvm on
5:17:59 AM - GDSII Layout generator succeeded, created:
5:17:59 AM -    RA1SHD2048X64.gds2
5:18:00 AM - command: /export/home/SMIC180nm_MC/MEM_IP_20MHz/RA1SHD2048X64/../../ra1shd/bin/ra1shd lvs -instname RA1SHD2048X64 -words 2048 -bits 64 -frequency 20 -ring_width 2 -mux 8 -drive 12 -write_mask on -wp_size 8 -top_layer met6 -power_type rings -horiz met3 -vert met4 -cust_comment "" -left_bus_delim "[" -right_bus_delim "]" -pwr_gnd_rename "VDD:VDD,GND:VSS" -prefix "" -pin_space 0.0 -name_case upper -check_instname on -diodes on -inside_ring_type GND -asvm on
5:18:17 AM - LVS Netlist generator succeeded, created:
5:18:17 AM -    RA1SHD2048X64.cdl
5:18:18 AM - command: /export/home/SMIC180nm_MC/MEM_IP_20MHz/RA1SHD2048X64/../../ra1shd/bin/ra1shd tmax -instname RA1SHD2048X64 -words 2048 -bits 64 -frequency 20 -ring_width 2 -mux 8 -drive 12 -write_mask on -wp_size 8 -top_layer met6 -power_type rings -horiz met3 -vert met4 -cust_comment "" -left_bus_delim "[" -right_bus_delim "]" -pwr_gnd_rename "VDD:VDD,GND:VSS" -prefix "" -pin_space 0.0 -name_case upper -check_instname on -diodes on -inside_ring_type GND -asvm on
5:18:18 AM - TetraMax Model generator succeeded, created:
5:18:18 AM -    RA1SHD2048X64.tv
