Notice: timing checks disabled with +notimingcheck at compile-time
Chronologic VCS simulator copyright 1991-2018
Contains Synopsys proprietary information.
Compiler version O-2018.09-SP2_Full64; Runtime version O-2018.09-SP2_Full64;  Dec 24 04:20 2024
VCD+ Writer O-2018.09-SP2_Full64 Copyright (c) 1991-2018 by Synopsys Inc.
The design has assertions or cover properties.
The assertion browser can be used to view them. Click on the assertion toolbar button or use the menu 'Window->Panes->Assertion' to open it.
The file '/home/huzi/Soc/risc-v/20241209_V1.0_group9/pre_sim_org/inter.vpd' was opened successfully.
!!!!!!!!!!!!!!!!!!!!!!!!!!!!!!!!!!!!!!!!!!!!!!!!
ITCM 0x00: 340510730001aa0d
ITCM 0x01: ff85051300002517
ITCM 0x02: 01f5222301e52023
ITCM 0x03: 040f416334202f73
ITCM 0x04: 4fa507ff02634fa1
ITCM 0x05: 0c634fad05ff0f63
ITCM 0x06: 0bff05634f8505ff
ITCM 0x07: 4f9d0dff00634f95
ITCM 0x16: 2f03f52505130000
ITCM 0x20: 2f8300052f03f065
*Verdi* Loading libsscore_vcs201809.so
FSDB Dumper for VCS, Release Verdi_O-2018.09-SP2, Linux x86_64/64bit, 02/21/2019
(C) 1996 - 2019 by Synopsys, Inc.
*Verdi* FSDB WARNING: The FSDB file already exists. Overwriting the FSDB file may crash the programs that are using this file.
*Verdi* : Create FSDB file 'e203.fsdb'
*Verdi* : Begin traversing the scopes, layer (0).
*Verdi* : Enable +all dumping.
*Verdi* : End of traversing.
~~~~~~~~~~~~~~~~~~~~~~~~~~~~~~~~~~~~~~~~~~~~~~~~~~~~~~~~
~~~~~~~~~~~~~~~~~~~~~~~~~~~~~~~~~~~~~~~~~~~~~~~~~~~~~~~~
~~~~~~~~~~~~~ Test Result Summary ~~~~~~~~~~~~~~~~~~~~~~
~~~~~~~~~~~~~~~~~~~~~~~~~~~~~~~~~~~~~~~~~~~~~~~~~~~~~~~~
~~~~~~~~~~~~~~~~~~~~~~~~~~~~~~~~~~~~~~~~~~~~~~~~~~~~~~~~
~TESTCASE:                                                                                                                                                                                                                                                                                                              ~~~~~~~~~~~~~
~~~~~~~~~~~~~~Total cycle_count value:      25804 ~~~~~~~~~~~~~
~~~~~~~~~~The valid Instruction Count:      16560 ~~~~~~~~~~~~~
~~~~~The test ending reached at cycle:      25758 ~~~~~~~~~~~~~
~~~~~~~~~~~~~~~The final x3 Reg value:          1 ~~~~~~~~~~~~~
~~~~~~~~~~~~~~~~~~~~~~~~~~~~~~~~~~~~~~~~~~~~~~~~~~~~~~~~
~~~~~~~~~~~~~~~~ TEST_PASS ~~~~~~~~~~~~~~~~~~~~~~~~~~~~~
~~~~~~~~~~~~~~~~~~~~~~~~~~~~~~~~~~~~~~~~~~~~~~~~~~~~~~~~
~~~~~~~~~ #####     ##     ####    #### ~~~~~~~~~~~~~~~~
~~~~~~~~~ #    #   #  #   #       #     ~~~~~~~~~~~~~~~~
~~~~~~~~~ #    #  #    #   ####    #### ~~~~~~~~~~~~~~~~
~~~~~~~~~ #####   ######       #       #~~~~~~~~~~~~~~~~
~~~~~~~~~ #       #    #  #    #  #    #~~~~~~~~~~~~~~~~
~~~~~~~~~ #       #    #   ####    #### ~~~~~~~~~~~~~~~~
~~~~~~~~~~~~~~~~~~~~~~~~~~~~~~~~~~~~~~~~~~~~~~~~~~~~~~~~
$finish called from file "./tb/tb_top.v", line 221.
$finish at simulation time            103346000
Simulation complete, time is 103346000 ps.
           V C S   S i m u l a t i o n   R e p o r t 
Time: 103346000 ps
CPU Time:      1.630 seconds;       Data structure size:   2.6Mb
Tue Dec 24 04:21:22 2024
