04:20:38    16 -->                                                             [tcl] ucliGUI::connect -toolargs -ucligui -toolexe simv +neg_tchk +maxdelays +notimingcheck +nospecify +vc +v2k -pid 4157 -toolin /tmp/vcs_20241224122037_4156_huzi..stdin -toolout /tmp/vcs_20241224122037_4156_huzi..stdout  
04:20:38    17 -->                                                                 [tcl] set ucliGUI::state
04:20:39    18 -->                                                                     [tcl] gui_update_simulator_buttons
04:20:39    19 -->                                                                         [tcl] set ucliGUI::state
04:20:39    20 -->                                                                             [tcl] ucliCore::getToolPID
04:20:39    21 -->                                                                                 [tcl] synopsys::env hasTB
04:20:39    22 -->                                                                                     [tcl] trigger_hier_stack_context_switch 0
04:20:39    23 -->                                                                                         [tcl] synUtils::setDVEInitPhase 1
04:20:39    24 -->                                                                                             [tcl] gui_get_env SIMSETUP::SIMVPD
04:20:39    25 --> ...  [tcl] synopsys::dump -type VPD -file /home/huzi/Soc/risc-v/20241209_V1.0_group9/pre_sim_org/inter.vpd -locking
04:20:39    26 --> ...      [tcl] synopsys::dump -autoflush on -fid VPD0
04:20:39    27 --> ...          [tcl] set ::dve_fid VPD0
04:20:39    28 --> ...              [tcl] synUtils::setDVEInitPhase 0
04:20:39    29 --> ...                  [tcl] ucliCore::getToolPID
04:20:39    30 --> ...                      [tcl] synUtils::sendTool -active _icl_setToolSocket /tmp/smlnp3DnQSA
04:20:39    31 --> ...                          [tcl] synUtils::sendTool -active {_icl_start_rpc -version "O-2018.09-SP2_Full64" -sync_file /tmp/vcs_dve_rpc.huzi.4157}
04:20:39    32 --> ...                              [tcl] synUtils::sendTool -active {_icl_createSharedMemory /tmp/vcs_dve_general.huzi.4157}
04:20:39    33 --> ...                                  [tcl] dveMisc::vbusExpand sirv_gnrl_ltch
04:20:39    34 --> ...                                      [tcl] config endofsim noexit
04:20:39    35 --> ...                                          [tcl] config onfail enable all
04:20:39    36 --> ...                                              [tcl] config syscaddplainmembers
04:20:39    37 --> ...                                                  [tcl] config syscaddsourcenames
04:20:39    38 --> ...                                                      [tcl] config syscaddstructtypes
04:20:39    39 --> ...                                                          [tcl] synopsys::listing -disable
04:20:43    40 --> ...                                                              [tcl] synopsys::run
04:20:43    41 --> ...                                                                  [tcl] set ucliGUI::state
04:20:43    42 --> ...                                                                      [tcl] gui_update_simulator_buttons
04:20:43    43 --> ...                                                                          [tcl] set ucliGUI::state
04:20:43    44 --> ...                                                                              [tcl] gui_update_simulator_buttons
04:20:45    45 --> ...                                                                                  [tcl] set ucliGUI::state
04:20:45    46 --> ...                                                                                      [tcl] set ucliGUI::state
04:20:45    47 --> ...                                                                                          [tcl] catch {senv activeDomain} dveMisc::result 
04:20:45    48 --> ...                                                                                              [tcl] set dveMisc::result
04:20:45    49 --> ...                                                                                                  [tcl] gui_update_simulator_buttons
04:20:48    50 --> ...  [tcl] ucliGUI::getSignalValues -scope sirv_gnrl_ltch -radix {hexadecimal } -list {{qout[31:0]} }
04:21:22    51 --> ...      [tcl] if [catch {gui_sim_terminate}] {gui_sim_terminate -kill}
04:21:22    52 --> ...          [tcl] synopsys::finish
04:21:22    53 --> ...              [tcl] set ucliGUI::state
04:21:22    54 --> ...                  [tcl] gui_update_simulator_buttons
04:21:22    55 --> ...                      [tcl] set ucliGUI::state
04:21:22    56 --> ...                          [tcl] catch {senv activeDomain} dveMisc::result 
04:21:22    57 --> ...                              [tcl] set dveMisc::result
04:21:22    58 --> ...                                  [tcl] gui_update_simulator_buttons
04:21:22    59 --> ...                                      [tcl] catch {senv activeDomain} dveMisc::result 
04:21:22    60 --> ...                                          [tcl] set dveMisc::result
04:21:22    61 --> ...                                              [tcl] ucli_exit
