05:39:00    16 -->                                                             [tcl] ucliGUI::connect -toolargs -ucligui -toolexe simv +neg_tchk +maxdelays +notimingcheck +nospecify +vc +v2k -pid 11712 -toolin /tmp/vcs_20241224133859_11711_huzi..stdin -toolout /tmp/vcs_20241224133859_11711_huzi..stdout  
05:39:00    17 -->                                                                 [tcl] set ucliGUI::state
05:39:00    18 -->                                                                     [tcl] gui_update_simulator_buttons
05:39:00    19 -->                                                                         [tcl] set ucliGUI::state
05:39:00    20 -->                                                                             [tcl] ucliCore::getToolPID
05:39:00    21 -->                                                                                 [tcl] synopsys::env hasTB
05:39:00    22 -->                                                                                     [tcl] trigger_hier_stack_context_switch 0
05:39:00    23 -->                                                                                         [tcl] synUtils::setDVEInitPhase 1
05:39:00    24 -->                                                                                             [tcl] gui_get_env SIMSETUP::SIMVPD
05:39:00    25 --> ...  [tcl] synopsys::dump -type VPD -file /home/huzi/Soc/risc-v/20241209_V1.0_group9/pre_sim/inter.vpd -locking
05:39:00    26 --> ...      [tcl] synopsys::dump -autoflush on -fid VPD0
05:39:00    27 --> ...          [tcl] set ::dve_fid VPD0
05:39:00    28 --> ...              [tcl] synUtils::setDVEInitPhase 0
05:39:00    29 --> ...                  [tcl] ucliCore::getToolPID
05:39:00    30 --> ...                      [tcl] synUtils::sendTool -active _icl_setToolSocket /tmp/smlnppi3p25
05:39:00    31 --> ...                          [tcl] synUtils::sendTool -active {_icl_start_rpc -version "O-2018.09-SP2_Full64" -sync_file /tmp/vcs_dve_rpc.huzi.11712}
05:39:00    32 --> ...                              [tcl] synUtils::sendTool -active {_icl_createSharedMemory /tmp/vcs_dve_general.huzi.11712}
05:39:00    33 --> ...                                  [tcl] dveMisc::vbusExpand sirv_gnrl_ltch
05:39:00    34 --> ...                                      [tcl] config endofsim noexit
05:39:00    35 --> ...                                          [tcl] config onfail enable all
05:39:00    36 --> ...                                              [tcl] config syscaddplainmembers
05:39:00    37 --> ...                                                  [tcl] config syscaddsourcenames
05:39:00    38 --> ...                                                      [tcl] config syscaddstructtypes
05:39:00    39 --> ...                                                          [tcl] synopsys::listing -disable
05:39:09    40 --> ...                                                              [tcl] synopsys::run
05:39:09    41 --> ...                                                                  [tcl] set ucliGUI::state
05:39:09    42 --> ...                                                                      [tcl] gui_update_simulator_buttons
05:39:09    43 --> ...                                                                          [tcl] set ucliGUI::state
05:39:09    44 --> ...                                                                              [tcl] gui_update_simulator_buttons
05:39:10    45 --> ...                                                                                  [tcl] set ucliGUI::state
05:39:10    46 --> ...                                                                                      [tcl] set ucliGUI::state
05:39:10    47 --> ...                                                                                          [tcl] catch {senv activeDomain} dveMisc::result 
05:39:10    48 --> ...                                                                                              [tcl] set dveMisc::result
05:39:10    49 --> ...                                                                                                  [tcl] gui_update_simulator_buttons
05:41:05    50 --> ...  [tcl] if [catch {gui_sim_terminate}] {gui_sim_terminate -kill}
05:41:05    51 --> ...      [tcl] synopsys::finish
05:41:05    52 --> ...          [tcl] set ucliGUI::state
05:41:05    53 --> ...              [tcl] gui_update_simulator_buttons
05:41:05    54 --> ...                  [tcl] set ucliGUI::state
05:41:05    55 --> ...                      [tcl] catch {senv activeDomain} dveMisc::result 
05:41:05    56 --> ...                          [tcl] set dveMisc::result
05:41:05    57 --> ...                              [tcl] gui_update_simulator_buttons
05:41:05    58 --> ...                                  [tcl] catch {senv activeDomain} dveMisc::result 
05:41:05    59 --> ...                                      [tcl] set dveMisc::result
05:41:05    60 --> ...                                          [tcl] ucli_exit
